<testsuites id="" name="" tests="125" failures="66" skipped="0" errors="0" time="96.782116">
<testsuite name="responsive.spec.ts" timestamp="2025-09-19T14:45:13.091Z" hostname="chromium" tests="25" failures="13" skipped="0" time="85.101" errors="0">
<testcase name="T052: Responsive UI E2E Tests › Desktop Layout (1920x1080) › should display full desktop layout correctly" classname="responsive.spec.ts" time="2.154">
</testcase>
<testcase name="T052: Responsive UI E2E Tests › Desktop Layout (1920x1080) › should show all navigation elements clearly" classname="responsive.spec.ts" time="2.105">
</testcase>
<testcase name="T052: Responsive UI E2E Tests › Desktop Layout (1920x1080) › should display tables with full column visibility" classname="responsive.spec.ts" time="2.81">
<failure message="responsive.spec.ts:71:9 should display tables with full column visibility" type="FAILURE">
<![CDATA[  [chromium] › responsive.spec.ts:71:9 › T052: Responsive UI E2E Tests › Desktop Layout (1920x1080) › should display tables with full column visibility 

    Error: expect(received).toBeGreaterThan(expected)

    Expected: > 50
    Received:   48

      86 |         const header = headers.nth(i);
      87 |         const headerBox = await header.boundingBox();
    > 88 |         expect(headerBox!.width).toBeGreaterThan(50);
         |                                  ^
      89 |       }
      90 |     });
      91 |
        at /Users/furuyanaoki/Project/new.mail.score/frontend/tests/e2e/responsive.spec.ts:88:34

    attachment #1: screenshot (image/png) ──────────────────────────────────────────────────────────
    ../../test-results/responsive-T052-Responsive-ffa00-with-full-column-visibility-chromium/test-failed-1.png
    ────────────────────────────────────────────────────────────────────────────────────────────────

    attachment #2: video (video/webm) ──────────────────────────────────────────────────────────────
    ../../test-results/responsive-T052-Responsive-ffa00-with-full-column-visibility-chromium/video.webm
    ────────────────────────────────────────────────────────────────────────────────────────────────

    Error Context: ../../test-results/responsive-T052-Responsive-ffa00-with-full-column-visibility-chromium/error-context.md
]]>
</failure>
<system-out>
<![CDATA[
[[ATTACHMENT|responsive-T052-Responsive-ffa00-with-full-column-visibility-chromium/test-failed-1.png]]

[[ATTACHMENT|responsive-T052-Responsive-ffa00-with-full-column-visibility-chromium/video.webm]]

[[ATTACHMENT|responsive-T052-Responsive-ffa00-with-full-column-visibility-chromium/error-context.md]]
]]>
</system-out>
</testcase>
<testcase name="T052: Responsive UI E2E Tests › Desktop Layout (1920x1080) › should handle side-by-side content layout" classname="responsive.spec.ts" time="2.692">
<failure message="responsive.spec.ts:92:9 should handle side-by-side content layout" type="FAILURE">
<![CDATA[  [chromium] › responsive.spec.ts:92:9 › T052: Responsive UI E2E Tests › Desktop Layout (1920x1080) › should handle side-by-side content layout 

    Error: locator.isVisible: Error: strict mode violation: locator('[class*="grid"]') resolved to 2 elements:
        1) <div tabindex="0" role="tablist" aria-orientation="horizontal" data-orientation="horizontal" class="h-9 items-center justify-center rounded-lg bg-muted p-1 text-muted-foreground grid w-full max-w-lg grid-cols-4">…</div> aka getByText('SQLクエリデータ閲覧テーブル構造リアルタイム')
        2) <div class="grid grid-cols-1 lg:grid-cols-2 gap-6">…</div> aka getByTestId('main-content').locator('div').filter({ hasText: 'カラム情報PKuser_idUUID/' }).nth(3)

    Call log:
        - checking visibility of locator('[class*="grid"]')


       95 |       // Check for grid layout cards
       96 |       const gridContainer = page.locator('[class*="grid"]');
    >  97 |       if (await gridContainer.isVisible()) {
          |                               ^
       98 |         const cards = gridContainer.locator('[class*="Card"], .card');
       99 |         const cardCount = await cards.count();
      100 |
        at /Users/furuyanaoki/Project/new.mail.score/frontend/tests/e2e/responsive.spec.ts:97:31

    attachment #1: screenshot (image/png) ──────────────────────────────────────────────────────────
    ../../test-results/responsive-T052-Responsive-52683-side-by-side-content-layout-chromium/test-failed-1.png
    ────────────────────────────────────────────────────────────────────────────────────────────────

    attachment #2: video (video/webm) ──────────────────────────────────────────────────────────────
    ../../test-results/responsive-T052-Responsive-52683-side-by-side-content-layout-chromium/video.webm
    ────────────────────────────────────────────────────────────────────────────────────────────────

    Error Context: ../../test-results/responsive-T052-Responsive-52683-side-by-side-content-layout-chromium/error-context.md
]]>
</failure>
<system-out>
<![CDATA[
[[ATTACHMENT|responsive-T052-Responsive-52683-side-by-side-content-layout-chromium/test-failed-1.png]]

[[ATTACHMENT|responsive-T052-Responsive-52683-side-by-side-content-layout-chromium/video.webm]]

[[ATTACHMENT|responsive-T052-Responsive-52683-side-by-side-content-layout-chromium/error-context.md]]
]]>
</system-out>
</testcase>
<testcase name="T052: Responsive UI E2E Tests › Tablet Layout (768x1024) › should adapt layout for tablet viewport" classname="responsive.spec.ts" time="2.162">
</testcase>
<testcase name="T052: Responsive UI E2E Tests › Tablet Layout (768x1024) › should show responsive navigation elements" classname="responsive.spec.ts" time="2.131">
</testcase>
<testcase name="T052: Responsive UI E2E Tests › Tablet Layout (768x1024) › should maintain table readability" classname="responsive.spec.ts" time="3.384">
<failure message="responsive.spec.ts:155:9 should maintain table readability" type="FAILURE">
<![CDATA[  [chromium] › responsive.spec.ts:155:9 › T052: Responsive UI E2E Tests › Tablet Layout (768x1024) › should maintain table readability 

    Error: expect(received).toBeLessThanOrEqual(expected)

    Expected: <= 818
    Received:    1108.109375

      163 |
      164 |       // Table should not exceed viewport width
    > 165 |       expect(containerBox!.width).toBeLessThanOrEqual(768 + 50); // Allow for scroll
          |                                   ^
      166 |     });
      167 |
      168 |     test('should stack cards appropriately', async ({ page }) => {
        at /Users/furuyanaoki/Project/new.mail.score/frontend/tests/e2e/responsive.spec.ts:165:35

    attachment #1: screenshot (image/png) ──────────────────────────────────────────────────────────
    ../../test-results/responsive-T052-Responsive-879fd--maintain-table-readability-chromium/test-failed-1.png
    ────────────────────────────────────────────────────────────────────────────────────────────────

    attachment #2: video (video/webm) ──────────────────────────────────────────────────────────────
    ../../test-results/responsive-T052-Responsive-879fd--maintain-table-readability-chromium/video.webm
    ────────────────────────────────────────────────────────────────────────────────────────────────

    Error Context: ../../test-results/responsive-T052-Responsive-879fd--maintain-table-readability-chromium/error-context.md
]]>
</failure>
<system-out>
<![CDATA[
[[ATTACHMENT|responsive-T052-Responsive-879fd--maintain-table-readability-chromium/test-failed-1.png]]

[[ATTACHMENT|responsive-T052-Responsive-879fd--maintain-table-readability-chromium/video.webm]]

[[ATTACHMENT|responsive-T052-Responsive-879fd--maintain-table-readability-chromium/error-context.md]]
]]>
</system-out>
</testcase>
<testcase name="T052: Responsive UI E2E Tests › Tablet Layout (768x1024) › should stack cards appropriately" classname="responsive.spec.ts" time="3.271">
<failure message="responsive.spec.ts:168:9 should stack cards appropriately" type="FAILURE">
<![CDATA[  [chromium] › responsive.spec.ts:168:9 › T052: Responsive UI E2E Tests › Tablet Layout (768x1024) › should stack cards appropriately 

    Error: locator.isVisible: Error: strict mode violation: locator('[class*="grid"]') resolved to 2 elements:
        1) <div tabindex="0" role="tablist" aria-orientation="horizontal" data-orientation="horizontal" class="h-9 items-center justify-center rounded-lg bg-muted p-1 text-muted-foreground grid w-full max-w-lg grid-cols-4">…</div> aka getByText('SQLクエリデータ閲覧テーブル構造リアルタイム')
        2) <div class="grid grid-cols-1 lg:grid-cols-2 gap-6">…</div> aka getByTestId('main-content').locator('div').filter({ hasText: 'カラム情報PKuser_idUUID/' }).nth(3)

    Call log:
        - checking visibility of locator('[class*="grid"]')


      170 |
      171 |       const gridContainer = page.locator('[class*="grid"]');
    > 172 |       if (await gridContainer.isVisible()) {
          |                               ^
      173 |         const cards = gridContainer.locator('[class*="Card"], .card');
      174 |         const cardCount = await cards.count();
      175 |
        at /Users/furuyanaoki/Project/new.mail.score/frontend/tests/e2e/responsive.spec.ts:172:31

    attachment #1: screenshot (image/png) ──────────────────────────────────────────────────────────
    ../../test-results/responsive-T052-Responsive-e4a30-d-stack-cards-appropriately-chromium/test-failed-1.png
    ────────────────────────────────────────────────────────────────────────────────────────────────

    attachment #2: video (video/webm) ──────────────────────────────────────────────────────────────
    ../../test-results/responsive-T052-Responsive-e4a30-d-stack-cards-appropriately-chromium/video.webm
    ────────────────────────────────────────────────────────────────────────────────────────────────

    Error Context: ../../test-results/responsive-T052-Responsive-e4a30-d-stack-cards-appropriately-chromium/error-context.md
]]>
</failure>
<system-out>
<![CDATA[
[[ATTACHMENT|responsive-T052-Responsive-e4a30-d-stack-cards-appropriately-chromium/test-failed-1.png]]

[[ATTACHMENT|responsive-T052-Responsive-e4a30-d-stack-cards-appropriately-chromium/video.webm]]

[[ATTACHMENT|responsive-T052-Responsive-e4a30-d-stack-cards-appropriately-chromium/error-context.md]]
]]>
</system-out>
</testcase>
<testcase name="T052: Responsive UI E2E Tests › Mobile Layout (375x667) › should optimize layout for mobile viewport" classname="responsive.spec.ts" time="2.715">
</testcase>
<testcase name="T052: Responsive UI E2E Tests › Mobile Layout (375x667) › should provide mobile-friendly navigation" classname="responsive.spec.ts" time="2.676">
<failure message="responsive.spec.ts:212:9 should provide mobile-friendly navigation" type="FAILURE">
<![CDATA[  [chromium] › responsive.spec.ts:212:9 › T052: Responsive UI E2E Tests › Mobile Layout (375x667) › should provide mobile-friendly navigation 

    Error: expect(received).toBeGreaterThan(expected)

    Expected: > 30
    Received:   28

      226 |           const tabBox = await tab.boundingBox();
      227 |           // Tab should have reasonable touch target size
    > 228 |           expect(Math.min(tabBox!.width, tabBox!.height)).toBeGreaterThan(30);
          |                                                           ^
      229 |         }
      230 |       }
      231 |     });
        at /Users/furuyanaoki/Project/new.mail.score/frontend/tests/e2e/responsive.spec.ts:228:59

    attachment #1: screenshot (image/png) ──────────────────────────────────────────────────────────
    ../../test-results/responsive-T052-Responsive-190e5--mobile-friendly-navigation-chromium/test-failed-1.png
    ────────────────────────────────────────────────────────────────────────────────────────────────

    attachment #2: video (video/webm) ──────────────────────────────────────────────────────────────
    ../../test-results/responsive-T052-Responsive-190e5--mobile-friendly-navigation-chromium/video.webm
    ────────────────────────────────────────────────────────────────────────────────────────────────

    Error Context: ../../test-results/responsive-T052-Responsive-190e5--mobile-friendly-navigation-chromium/error-context.md
]]>
</failure>
<system-out>
<![CDATA[
[[ATTACHMENT|responsive-T052-Responsive-190e5--mobile-friendly-navigation-chromium/test-failed-1.png]]

[[ATTACHMENT|responsive-T052-Responsive-190e5--mobile-friendly-navigation-chromium/video.webm]]

[[ATTACHMENT|responsive-T052-Responsive-190e5--mobile-friendly-navigation-chromium/error-context.md]]
]]>
</system-out>
</testcase>
<testcase name="T052: Responsive UI E2E Tests › Mobile Layout (375x667) › should handle mobile table display" classname="responsive.spec.ts" time="4.567">
<failure message="responsive.spec.ts:233:9 should handle mobile table display" type="FAILURE">
<![CDATA[  [chromium] › responsive.spec.ts:233:9 › T052: Responsive UI E2E Tests › Mobile Layout (375x667) › should handle mobile table display 

    Error: expect(received).toBeLessThanOrEqual(expected)

    Expected: <= 475
    Received:    492.875

      242 |
      243 |         // Table should fit within mobile viewport or be scrollable
    > 244 |         expect(tableBox!.width).toBeLessThanOrEqual(375 + 100); // Allow for scroll
          |                                 ^
      245 |       }
      246 |     });
      247 |
        at /Users/furuyanaoki/Project/new.mail.score/frontend/tests/e2e/responsive.spec.ts:244:33

    attachment #1: screenshot (image/png) ──────────────────────────────────────────────────────────
    ../../test-results/responsive-T052-Responsive-a8c4b-handle-mobile-table-display-chromium/test-failed-1.png
    ────────────────────────────────────────────────────────────────────────────────────────────────

    attachment #2: video (video/webm) ──────────────────────────────────────────────────────────────
    ../../test-results/responsive-T052-Responsive-a8c4b-handle-mobile-table-display-chromium/video.webm
    ────────────────────────────────────────────────────────────────────────────────────────────────

    Error Context: ../../test-results/responsive-T052-Responsive-a8c4b-handle-mobile-table-display-chromium/error-context.md
]]>
</failure>
<system-out>
<![CDATA[
[[ATTACHMENT|responsive-T052-Responsive-a8c4b-handle-mobile-table-display-chromium/test-failed-1.png]]

[[ATTACHMENT|responsive-T052-Responsive-a8c4b-handle-mobile-table-display-chromium/video.webm]]

[[ATTACHMENT|responsive-T052-Responsive-a8c4b-handle-mobile-table-display-chromium/error-context.md]]
]]>
</system-out>
</testcase>
<testcase name="T052: Responsive UI E2E Tests › Mobile Layout (375x667) › should stack content vertically" classname="responsive.spec.ts" time="4.449">
<failure message="responsive.spec.ts:248:9 should stack content vertically" type="FAILURE">
<![CDATA[  [chromium] › responsive.spec.ts:248:9 › T052: Responsive UI E2E Tests › Mobile Layout (375x667) › should stack content vertically 

    Error: locator.isVisible: Error: strict mode violation: locator('[class*="grid"]') resolved to 2 elements:
        1) <div tabindex="0" role="tablist" aria-orientation="horizontal" data-orientation="horizontal" class="h-9 items-center justify-center rounded-lg bg-muted p-1 text-muted-foreground grid w-full max-w-lg grid-cols-4">…</div> aka getByText('SQLクエリデータ閲覧テーブル構造リアルタイム')
        2) <div class="grid grid-cols-1 lg:grid-cols-2 gap-6">…</div> aka getByTestId('main-content').locator('div').filter({ hasText: 'カラム情報PKuser_idUUID/' }).nth(3)

    Call log:
        - checking visibility of locator('[class*="grid"]')


      251 |       // Cards should definitely stack on mobile
      252 |       const gridContainer = page.locator('[class*="grid"]');
    > 253 |       if (await gridContainer.isVisible()) {
          |                               ^
      254 |         const cards = gridContainer.locator('[class*="Card"], .card');
      255 |         const cardCount = await cards.count();
      256 |
        at /Users/furuyanaoki/Project/new.mail.score/frontend/tests/e2e/responsive.spec.ts:253:31

    attachment #1: screenshot (image/png) ──────────────────────────────────────────────────────────
    ../../test-results/responsive-T052-Responsive-23f91-ld-stack-content-vertically-chromium/test-failed-1.png
    ────────────────────────────────────────────────────────────────────────────────────────────────

    attachment #2: video (video/webm) ──────────────────────────────────────────────────────────────
    ../../test-results/responsive-T052-Responsive-23f91-ld-stack-content-vertically-chromium/video.webm
    ────────────────────────────────────────────────────────────────────────────────────────────────

    Error Context: ../../test-results/responsive-T052-Responsive-23f91-ld-stack-content-vertically-chromium/error-context.md
]]>
</failure>
<system-out>
<![CDATA[
[[ATTACHMENT|responsive-T052-Responsive-23f91-ld-stack-content-vertically-chromium/test-failed-1.png]]

[[ATTACHMENT|responsive-T052-Responsive-23f91-ld-stack-content-vertically-chromium/video.webm]]

[[ATTACHMENT|responsive-T052-Responsive-23f91-ld-stack-content-vertically-chromium/error-context.md]]
]]>
</system-out>
</testcase>
<testcase name="T052: Responsive UI E2E Tests › Mobile Layout (375x667) › should optimize touch interactions" classname="responsive.spec.ts" time="2.893">
<failure message="responsive.spec.ts:270:9 should optimize touch interactions" type="FAILURE">
<![CDATA[  [chromium] › responsive.spec.ts:270:9 › T052: Responsive UI E2E Tests › Mobile Layout (375x667) › should optimize touch interactions 

    Error: expect(received).toBeGreaterThan(expected)

    Expected: > 30
    Received:   28

      282 |           // Touch targets should be at least 32px
      283 |           const minDimension = Math.min(buttonBox!.width, buttonBox!.height);
    > 284 |           expect(minDimension).toBeGreaterThan(30);
          |                                ^
      285 |         }
      286 |       }
      287 |     });
        at /Users/furuyanaoki/Project/new.mail.score/frontend/tests/e2e/responsive.spec.ts:284:32

    attachment #1: screenshot (image/png) ──────────────────────────────────────────────────────────
    ../../test-results/responsive-T052-Responsive-f09de-optimize-touch-interactions-chromium/test-failed-1.png
    ────────────────────────────────────────────────────────────────────────────────────────────────

    attachment #2: video (video/webm) ──────────────────────────────────────────────────────────────
    ../../test-results/responsive-T052-Responsive-f09de-optimize-touch-interactions-chromium/video.webm
    ────────────────────────────────────────────────────────────────────────────────────────────────

    Error Context: ../../test-results/responsive-T052-Responsive-f09de-optimize-touch-interactions-chromium/error-context.md
]]>
</failure>
<system-out>
<![CDATA[
[[ATTACHMENT|responsive-T052-Responsive-f09de-optimize-touch-interactions-chromium/test-failed-1.png]]

[[ATTACHMENT|responsive-T052-Responsive-f09de-optimize-touch-interactions-chromium/video.webm]]

[[ATTACHMENT|responsive-T052-Responsive-f09de-optimize-touch-interactions-chromium/error-context.md]]
]]>
</system-out>
</testcase>
<testcase name="T052: Responsive UI E2E Tests › Mobile Layout (375x667) › should handle mobile sidebar appropriately" classname="responsive.spec.ts" time="2.386">
</testcase>
<testcase name="T052: Responsive UI E2E Tests › Cross-Viewport Functionality › should maintain functionality across all viewports" classname="responsive.spec.ts" time="11.826">
<failure message="responsive.spec.ts:302:9 should maintain functionality across all viewports" type="FAILURE">
<![CDATA[  [chromium] › responsive.spec.ts:302:9 › T052: Responsive UI E2E Tests › Cross-Viewport Functionality › should maintain functionality across all viewports 

    Error: expect(locator).toBeVisible() failed

    Locator:  locator('[data-testid="tables-list"] button.secondary')
    Expected: visible
    Received: <element(s) not found>
    Timeout:  10000ms

    Call log:
      - Expect "toBeVisible" with timeout 10000ms
      - waiting for locator('[data-testid="tables-list"] button.secondary')


      314 |
      315 |         const selectedTable = page.locator('[data-testid="tables-list"] button.secondary');
    > 316 |         await expect(selectedTable).toBeVisible();
          |                                     ^
      317 |
      318 |         // Tab switching should work
      319 |         await dbHelpers.switchToTab('SQLクエリ');
        at /Users/furuyanaoki/Project/new.mail.score/frontend/tests/e2e/responsive.spec.ts:316:37

    attachment #1: screenshot (image/png) ──────────────────────────────────────────────────────────
    ../../test-results/responsive-T052-Responsive-846e7-nality-across-all-viewports-chromium/test-failed-1.png
    ────────────────────────────────────────────────────────────────────────────────────────────────

    attachment #2: video (video/webm) ──────────────────────────────────────────────────────────────
    ../../test-results/responsive-T052-Responsive-846e7-nality-across-all-viewports-chromium/video.webm
    ────────────────────────────────────────────────────────────────────────────────────────────────

    Error Context: ../../test-results/responsive-T052-Responsive-846e7-nality-across-all-viewports-chromium/error-context.md
]]>
</failure>
<system-out>
<![CDATA[
[[ATTACHMENT|responsive-T052-Responsive-846e7-nality-across-all-viewports-chromium/test-failed-1.png]]

[[ATTACHMENT|responsive-T052-Responsive-846e7-nality-across-all-viewports-chromium/video.webm]]

[[ATTACHMENT|responsive-T052-Responsive-846e7-nality-across-all-viewports-chromium/error-context.md]]
]]>
</system-out>
</testcase>
<testcase name="T052: Responsive UI E2E Tests › Cross-Viewport Functionality › should handle viewport transitions smoothly" classname="responsive.spec.ts" time="1.741">
<failure message="responsive.spec.ts:325:9 should handle viewport transitions smoothly" type="FAILURE">
<![CDATA[  [chromium] › responsive.spec.ts:325:9 › T052: Responsive UI E2E Tests › Cross-Viewport Functionality › should handle viewport transitions smoothly 

    Error: expect.toBeVisible: Error: strict mode violation: locator('[data-testid="tables-list"] button:has-text("jobs")') resolved to 3 elements:
        1) <button class="inline-flex items-center gap-2 whitespace-nowrap rounded-md text-sm font-medium transition-colors focus-visible:outline-none focus-visible:ring-1 focus-visible:ring-ring disabled:pointer-events-none disabled:opacity-50 [&_svg]:pointer-events-none [&_svg]:size-4 [&_svg]:shrink-0 hover:bg-accent hover:text-accent-foreground w-full justify-start h-auto p-3 table-item">…</button> aka getByRole('button', { name: 'jobs 求人情報（メインテーブル） 100,000 行' })
        2) <button class="inline-flex items-center gap-2 whitespace-nowrap rounded-md text-sm font-medium transition-colors focus-visible:outline-none focus-visible:ring-1 focus-visible:ring-ring disabled:pointer-events-none disabled:opacity-50 [&_svg]:pointer-events-none [&_svg]:size-4 [&_svg]:shrink-0 hover:bg-accent hover:text-accent-foreground w-full justify-start h-auto p-3 table-item">…</button> aka getByRole('button', { name: 'jobs_match_raw 求人マッチ生データ 100,' })
        3) <button class="inline-flex items-center gap-2 whitespace-nowrap rounded-md text-sm font-medium transition-colors focus-visible:outline-none focus-visible:ring-1 focus-visible:ring-ring disabled:pointer-events-none disabled:opacity-50 [&_svg]:pointer-events-none [&_svg]:size-4 [&_svg]:shrink-0 hover:bg-accent hover:text-accent-foreground w-full justify-start h-auto p-3 table-item">…</button> aka getByRole('button', { name: 'jobs_contents_raw' })

    Call log:
      - Expect "toBeVisible" with timeout 10000ms
      - waiting for locator('[data-testid="tables-list"] button:has-text("jobs")')


       at helpers/database-helpers.ts:23

      21 |   async selectTable(tableName: string) {
      22 |     const tableButton = this.page.locator(`[data-testid="tables-list"] button:has-text("${tableName}")`);
    > 23 |     await expect(tableButton).toBeVisible();
         |                               ^
      24 |     await tableButton.click();
      25 |
      26 |     // Wait for table to be selected
        at DatabaseHelpers.selectTable (/Users/furuyanaoki/Project/new.mail.score/frontend/tests/e2e/helpers/database-helpers.ts:23:31)
        at /Users/furuyanaoki/Project/new.mail.score/frontend/tests/e2e/responsive.spec.ts:328:23

    attachment #1: screenshot (image/png) ──────────────────────────────────────────────────────────
    ../../test-results/responsive-T052-Responsive-bb41b-ewport-transitions-smoothly-chromium/test-failed-1.png
    ────────────────────────────────────────────────────────────────────────────────────────────────

    attachment #2: video (video/webm) ──────────────────────────────────────────────────────────────
    ../../test-results/responsive-T052-Responsive-bb41b-ewport-transitions-smoothly-chromium/video.webm
    ────────────────────────────────────────────────────────────────────────────────────────────────

    Error Context: ../../test-results/responsive-T052-Responsive-bb41b-ewport-transitions-smoothly-chromium/error-context.md
]]>
</failure>
<system-out>
<![CDATA[
[[ATTACHMENT|responsive-T052-Responsive-bb41b-ewport-transitions-smoothly-chromium/test-failed-1.png]]

[[ATTACHMENT|responsive-T052-Responsive-bb41b-ewport-transitions-smoothly-chromium/video.webm]]

[[ATTACHMENT|responsive-T052-Responsive-bb41b-ewport-transitions-smoothly-chromium/error-context.md]]
]]>
</system-out>
</testcase>
<testcase name="T052: Responsive UI E2E Tests › Cross-Viewport Functionality › should maintain search functionality across viewports" classname="responsive.spec.ts" time="7.457">
</testcase>
<testcase name="T052: Responsive UI E2E Tests › Cross-Viewport Functionality › should handle performance consistently across viewports" classname="responsive.spec.ts" time="1.755">
<failure message="responsive.spec.ts:360:9 should handle performance consistently across viewports" type="FAILURE">
<![CDATA[  [chromium] › responsive.spec.ts:360:9 › T052: Responsive UI E2E Tests › Cross-Viewport Functionality › should handle performance consistently across viewports 

    TypeError: Cannot read properties of undefined (reading 'page')

       at helpers/responsive-helpers.ts:13

      11 |    */
      12 |   async setDesktopViewport() {
    > 13 |     await this.page.setViewportSize({ width: 1920, height: 1080 });
         |                ^
      14 |     await this.page.waitForTimeout(500); // Allow time for layout to adjust
      15 |   }
      16 |
        at setViewport (/Users/furuyanaoki/Project/new.mail.score/frontend/tests/e2e/helpers/responsive-helpers.ts:13:16)
        at /Users/furuyanaoki/Project/new.mail.score/frontend/tests/e2e/responsive.spec.ts:368:15

    attachment #1: screenshot (image/png) ──────────────────────────────────────────────────────────
    ../../test-results/responsive-T052-Responsive-a4124-nsistently-across-viewports-chromium/test-failed-1.png
    ────────────────────────────────────────────────────────────────────────────────────────────────

    attachment #2: video (video/webm) ──────────────────────────────────────────────────────────────
    ../../test-results/responsive-T052-Responsive-a4124-nsistently-across-viewports-chromium/video.webm
    ────────────────────────────────────────────────────────────────────────────────────────────────

    Error Context: ../../test-results/responsive-T052-Responsive-a4124-nsistently-across-viewports-chromium/error-context.md
]]>
</failure>
<system-out>
<![CDATA[
[[ATTACHMENT|responsive-T052-Responsive-a4124-nsistently-across-viewports-chromium/test-failed-1.png]]

[[ATTACHMENT|responsive-T052-Responsive-a4124-nsistently-across-viewports-chromium/video.webm]]

[[ATTACHMENT|responsive-T052-Responsive-a4124-nsistently-across-viewports-chromium/error-context.md]]
]]>
</system-out>
</testcase>
<testcase name="T052: Responsive UI E2E Tests › Visual Regression and Layout Consistency › should maintain visual consistency across breakpoints" classname="responsive.spec.ts" time="3.632">
</testcase>
<testcase name="T052: Responsive UI E2E Tests › Visual Regression and Layout Consistency › should handle edge cases in viewport sizes" classname="responsive.spec.ts" time="3.307">
</testcase>
<testcase name="T052: Responsive UI E2E Tests › Visual Regression and Layout Consistency › should maintain accessibility across viewports" classname="responsive.spec.ts" time="3.214">
</testcase>
<testcase name="T052: Responsive UI E2E Tests › Visual Regression and Layout Consistency › should handle dynamic content resizing" classname="responsive.spec.ts" time="2.551">
<failure message="responsive.spec.ts:439:9 should handle dynamic content resizing" type="FAILURE">
<![CDATA[  [chromium] › responsive.spec.ts:439:9 › T052: Responsive UI E2E Tests › Visual Regression and Layout Consistency › should handle dynamic content resizing 

    Error: expect(received).toBeLessThanOrEqual(expected)

    Expected: <= 375
    Received:    526.875

      450 |         const mainContent = page.locator('[data-testid="main-content"]');
      451 |         const contentBox = await mainContent.boundingBox();
    > 452 |         expect(contentBox!.width).toBeLessThanOrEqual(375);
          |                                   ^
      453 |
      454 |         await page.waitForTimeout(300); // Allow for content adjustment
      455 |       }
        at /Users/furuyanaoki/Project/new.mail.score/frontend/tests/e2e/responsive.spec.ts:452:35

    attachment #1: screenshot (image/png) ──────────────────────────────────────────────────────────
    ../../test-results/responsive-T052-Responsive-15f61-le-dynamic-content-resizing-chromium/test-failed-1.png
    ────────────────────────────────────────────────────────────────────────────────────────────────

    attachment #2: video (video/webm) ──────────────────────────────────────────────────────────────
    ../../test-results/responsive-T052-Responsive-15f61-le-dynamic-content-resizing-chromium/video.webm
    ────────────────────────────────────────────────────────────────────────────────────────────────

    Error Context: ../../test-results/responsive-T052-Responsive-15f61-le-dynamic-content-resizing-chromium/error-context.md
]]>
</failure>
<system-out>
<![CDATA[
[[ATTACHMENT|responsive-T052-Responsive-15f61-le-dynamic-content-resizing-chromium/test-failed-1.png]]

[[ATTACHMENT|responsive-T052-Responsive-15f61-le-dynamic-content-resizing-chromium/video.webm]]

[[ATTACHMENT|responsive-T052-Responsive-15f61-le-dynamic-content-resizing-chromium/error-context.md]]
]]>
</system-out>
</testcase>
<testcase name="T052: Responsive UI E2E Tests › Responsive Interaction Patterns › should support appropriate input methods per device" classname="responsive.spec.ts" time="5.093">
</testcase>
<testcase name="T052: Responsive UI E2E Tests › Responsive Interaction Patterns › should optimize content density per viewport" classname="responsive.spec.ts" time="3.147">
</testcase>
<testcase name="T052: Responsive UI E2E Tests › Responsive Interaction Patterns › should handle orientation changes gracefully" classname="responsive.spec.ts" time="0.983">
<failure message="responsive.spec.ts:500:9 should handle orientation changes gracefully" type="FAILURE">
<![CDATA[  [chromium] › responsive.spec.ts:500:9 › T052: Responsive UI E2E Tests › Responsive Interaction Patterns › should handle orientation changes gracefully 

    Error: expect.toBeVisible: Error: strict mode violation: locator('[data-testid="tables-list"] button:has-text("jobs")') resolved to 3 elements:
        1) <button class="inline-flex items-center gap-2 whitespace-nowrap rounded-md text-sm font-medium transition-colors focus-visible:outline-none focus-visible:ring-1 focus-visible:ring-ring disabled:pointer-events-none disabled:opacity-50 [&_svg]:pointer-events-none [&_svg]:size-4 [&_svg]:shrink-0 hover:bg-accent hover:text-accent-foreground w-full justify-start h-auto p-3 table-item">…</button> aka getByRole('button', { name: 'jobs 求人情報（メインテーブル） 100,000 行' })
        2) <button class="inline-flex items-center gap-2 whitespace-nowrap rounded-md text-sm font-medium transition-colors focus-visible:outline-none focus-visible:ring-1 focus-visible:ring-ring disabled:pointer-events-none disabled:opacity-50 [&_svg]:pointer-events-none [&_svg]:size-4 [&_svg]:shrink-0 hover:bg-accent hover:text-accent-foreground w-full justify-start h-auto p-3 table-item">…</button> aka getByRole('button', { name: 'jobs_match_raw 求人マッチ生データ 100,' })
        3) <button class="inline-flex items-center gap-2 whitespace-nowrap rounded-md text-sm font-medium transition-colors focus-visible:outline-none focus-visible:ring-1 focus-visible:ring-ring disabled:pointer-events-none disabled:opacity-50 [&_svg]:pointer-events-none [&_svg]:size-4 [&_svg]:shrink-0 hover:bg-accent hover:text-accent-foreground w-full justify-start h-auto p-3 table-item">…</button> aka getByRole('button', { name: 'jobs_contents_raw' })

    Call log:
      - Expect "toBeVisible" with timeout 10000ms
      - waiting for locator('[data-testid="tables-list"] button:has-text("jobs")')


       at helpers/database-helpers.ts:23

      21 |   async selectTable(tableName: string) {
      22 |     const tableButton = this.page.locator(`[data-testid="tables-list"] button:has-text("${tableName}")`);
    > 23 |     await expect(tableButton).toBeVisible();
         |                               ^
      24 |     await tableButton.click();
      25 |
      26 |     // Wait for table to be selected
        at DatabaseHelpers.selectTable (/Users/furuyanaoki/Project/new.mail.score/frontend/tests/e2e/helpers/database-helpers.ts:23:31)
        at /Users/furuyanaoki/Project/new.mail.score/frontend/tests/e2e/responsive.spec.ts:503:23

    attachment #1: screenshot (image/png) ──────────────────────────────────────────────────────────
    ../../test-results/responsive-T052-Responsive-c9ad2-entation-changes-gracefully-chromium/test-failed-1.png
    ────────────────────────────────────────────────────────────────────────────────────────────────

    attachment #2: video (video/webm) ──────────────────────────────────────────────────────────────
    ../../test-results/responsive-T052-Responsive-c9ad2-entation-changes-gracefully-chromium/video.webm
    ────────────────────────────────────────────────────────────────────────────────────────────────

    Error Context: ../../test-results/responsive-T052-Responsive-c9ad2-entation-changes-gracefully-chromium/error-context.md
]]>
</failure>
<system-out>
<![CDATA[
[[ATTACHMENT|responsive-T052-Responsive-c9ad2-entation-changes-gracefully-chromium/test-failed-1.png]]

[[ATTACHMENT|responsive-T052-Responsive-c9ad2-entation-changes-gracefully-chromium/video.webm]]

[[ATTACHMENT|responsive-T052-Responsive-c9ad2-entation-changes-gracefully-chromium/error-context.md]]
]]>
</system-out>
</testcase>
</testsuite>
<testsuite name="responsive.spec.ts" timestamp="2025-09-19T14:45:13.091Z" hostname="firefox" tests="25" failures="13" skipped="0" time="101.367" errors="0">
<testcase name="T052: Responsive UI E2E Tests › Desktop Layout (1920x1080) › should display full desktop layout correctly" classname="responsive.spec.ts" time="2.369">
</testcase>
<testcase name="T052: Responsive UI E2E Tests › Desktop Layout (1920x1080) › should show all navigation elements clearly" classname="responsive.spec.ts" time="2.809">
</testcase>
<testcase name="T052: Responsive UI E2E Tests › Desktop Layout (1920x1080) › should display tables with full column visibility" classname="responsive.spec.ts" time="4.454">
<failure message="responsive.spec.ts:71:9 should display tables with full column visibility" type="FAILURE">
<![CDATA[  [firefox] › responsive.spec.ts:71:9 › T052: Responsive UI E2E Tests › Desktop Layout (1920x1080) › should display tables with full column visibility 

    Error: expect(received).toBeGreaterThan(expected)

    Expected: > 50
    Received:   48

      86 |         const header = headers.nth(i);
      87 |         const headerBox = await header.boundingBox();
    > 88 |         expect(headerBox!.width).toBeGreaterThan(50);
         |                                  ^
      89 |       }
      90 |     });
      91 |
        at /Users/furuyanaoki/Project/new.mail.score/frontend/tests/e2e/responsive.spec.ts:88:34

    attachment #1: screenshot (image/png) ──────────────────────────────────────────────────────────
    ../../test-results/responsive-T052-Responsive-ffa00-with-full-column-visibility-firefox/test-failed-1.png
    ────────────────────────────────────────────────────────────────────────────────────────────────

    attachment #2: video (video/webm) ──────────────────────────────────────────────────────────────
    ../../test-results/responsive-T052-Responsive-ffa00-with-full-column-visibility-firefox/video.webm
    ────────────────────────────────────────────────────────────────────────────────────────────────

    Error Context: ../../test-results/responsive-T052-Responsive-ffa00-with-full-column-visibility-firefox/error-context.md
]]>
</failure>
<system-out>
<![CDATA[
[[ATTACHMENT|responsive-T052-Responsive-ffa00-with-full-column-visibility-firefox/test-failed-1.png]]

[[ATTACHMENT|responsive-T052-Responsive-ffa00-with-full-column-visibility-firefox/video.webm]]

[[ATTACHMENT|responsive-T052-Responsive-ffa00-with-full-column-visibility-firefox/error-context.md]]
]]>
</system-out>
</testcase>
<testcase name="T052: Responsive UI E2E Tests › Desktop Layout (1920x1080) › should handle side-by-side content layout" classname="responsive.spec.ts" time="3.95">
<failure message="responsive.spec.ts:92:9 should handle side-by-side content layout" type="FAILURE">
<![CDATA[  [firefox] › responsive.spec.ts:92:9 › T052: Responsive UI E2E Tests › Desktop Layout (1920x1080) › should handle side-by-side content layout 

    Error: locator.isVisible: Error: strict mode violation: locator('[class*="grid"]') resolved to 2 elements:
        1) <div tabindex="0" role="tablist" aria-orientation="horizontal" data-orientation="horizontal" class="h-9 items-center justify-center rounded-lg bg-muted p-1 text-muted-foreground grid w-full max-w-lg grid-cols-4">…</div> aka getByText('SQLクエリデータ閲覧テーブル構造リアルタイム')
        2) <div class="grid grid-cols-1 lg:grid-cols-2 gap-6">…</div> aka getByTestId('main-content').locator('div').filter({ hasText: 'カラム情報PKuser_idUUID/' }).nth(3)

    Call log:
        - checking visibility of locator('[class*="grid"]')


       95 |       // Check for grid layout cards
       96 |       const gridContainer = page.locator('[class*="grid"]');
    >  97 |       if (await gridContainer.isVisible()) {
          |                               ^
       98 |         const cards = gridContainer.locator('[class*="Card"], .card');
       99 |         const cardCount = await cards.count();
      100 |
        at /Users/furuyanaoki/Project/new.mail.score/frontend/tests/e2e/responsive.spec.ts:97:31

    attachment #1: screenshot (image/png) ──────────────────────────────────────────────────────────
    ../../test-results/responsive-T052-Responsive-52683-side-by-side-content-layout-firefox/test-failed-1.png
    ────────────────────────────────────────────────────────────────────────────────────────────────

    attachment #2: video (video/webm) ──────────────────────────────────────────────────────────────
    ../../test-results/responsive-T052-Responsive-52683-side-by-side-content-layout-firefox/video.webm
    ────────────────────────────────────────────────────────────────────────────────────────────────

    Error Context: ../../test-results/responsive-T052-Responsive-52683-side-by-side-content-layout-firefox/error-context.md
]]>
</failure>
<system-out>
<![CDATA[
[[ATTACHMENT|responsive-T052-Responsive-52683-side-by-side-content-layout-firefox/test-failed-1.png]]

[[ATTACHMENT|responsive-T052-Responsive-52683-side-by-side-content-layout-firefox/video.webm]]

[[ATTACHMENT|responsive-T052-Responsive-52683-side-by-side-content-layout-firefox/error-context.md]]
]]>
</system-out>
</testcase>
<testcase name="T052: Responsive UI E2E Tests › Tablet Layout (768x1024) › should adapt layout for tablet viewport" classname="responsive.spec.ts" time="2.462">
</testcase>
<testcase name="T052: Responsive UI E2E Tests › Tablet Layout (768x1024) › should show responsive navigation elements" classname="responsive.spec.ts" time="2.801">
</testcase>
<testcase name="T052: Responsive UI E2E Tests › Tablet Layout (768x1024) › should maintain table readability" classname="responsive.spec.ts" time="3.401">
<failure message="responsive.spec.ts:155:9 should maintain table readability" type="FAILURE">
<![CDATA[  [firefox] › responsive.spec.ts:155:9 › T052: Responsive UI E2E Tests › Tablet Layout (768x1024) › should maintain table readability 

    Error: expect(received).toBeLessThanOrEqual(expected)

    Expected: <= 818
    Received:    1108.066665649414

      163 |
      164 |       // Table should not exceed viewport width
    > 165 |       expect(containerBox!.width).toBeLessThanOrEqual(768 + 50); // Allow for scroll
          |                                   ^
      166 |     });
      167 |
      168 |     test('should stack cards appropriately', async ({ page }) => {
        at /Users/furuyanaoki/Project/new.mail.score/frontend/tests/e2e/responsive.spec.ts:165:35

    attachment #1: screenshot (image/png) ──────────────────────────────────────────────────────────
    ../../test-results/responsive-T052-Responsive-879fd--maintain-table-readability-firefox/test-failed-1.png
    ────────────────────────────────────────────────────────────────────────────────────────────────

    attachment #2: video (video/webm) ──────────────────────────────────────────────────────────────
    ../../test-results/responsive-T052-Responsive-879fd--maintain-table-readability-firefox/video.webm
    ────────────────────────────────────────────────────────────────────────────────────────────────

    Error Context: ../../test-results/responsive-T052-Responsive-879fd--maintain-table-readability-firefox/error-context.md
]]>
</failure>
<system-out>
<![CDATA[
[[ATTACHMENT|responsive-T052-Responsive-879fd--maintain-table-readability-firefox/test-failed-1.png]]

[[ATTACHMENT|responsive-T052-Responsive-879fd--maintain-table-readability-firefox/video.webm]]

[[ATTACHMENT|responsive-T052-Responsive-879fd--maintain-table-readability-firefox/error-context.md]]
]]>
</system-out>
</testcase>
<testcase name="T052: Responsive UI E2E Tests › Tablet Layout (768x1024) › should stack cards appropriately" classname="responsive.spec.ts" time="4.55">
<failure message="responsive.spec.ts:168:9 should stack cards appropriately" type="FAILURE">
<![CDATA[  [firefox] › responsive.spec.ts:168:9 › T052: Responsive UI E2E Tests › Tablet Layout (768x1024) › should stack cards appropriately 

    Error: locator.isVisible: Error: strict mode violation: locator('[class*="grid"]') resolved to 2 elements:
        1) <div tabindex="0" role="tablist" aria-orientation="horizontal" data-orientation="horizontal" class="h-9 items-center justify-center rounded-lg bg-muted p-1 text-muted-foreground grid w-full max-w-lg grid-cols-4">…</div> aka getByText('SQLクエリデータ閲覧テーブル構造リアルタイム')
        2) <div class="grid grid-cols-1 lg:grid-cols-2 gap-6">…</div> aka getByTestId('main-content').locator('div').filter({ hasText: 'カラム情報PKuser_idUUID/' }).nth(3)

    Call log:
        - checking visibility of locator('[class*="grid"]')


      170 |
      171 |       const gridContainer = page.locator('[class*="grid"]');
    > 172 |       if (await gridContainer.isVisible()) {
          |                               ^
      173 |         const cards = gridContainer.locator('[class*="Card"], .card');
      174 |         const cardCount = await cards.count();
      175 |
        at /Users/furuyanaoki/Project/new.mail.score/frontend/tests/e2e/responsive.spec.ts:172:31

    attachment #1: screenshot (image/png) ──────────────────────────────────────────────────────────
    ../../test-results/responsive-T052-Responsive-e4a30-d-stack-cards-appropriately-firefox/test-failed-1.png
    ────────────────────────────────────────────────────────────────────────────────────────────────

    attachment #2: video (video/webm) ──────────────────────────────────────────────────────────────
    ../../test-results/responsive-T052-Responsive-e4a30-d-stack-cards-appropriately-firefox/video.webm
    ────────────────────────────────────────────────────────────────────────────────────────────────

    Error Context: ../../test-results/responsive-T052-Responsive-e4a30-d-stack-cards-appropriately-firefox/error-context.md
]]>
</failure>
<system-out>
<![CDATA[
[[ATTACHMENT|responsive-T052-Responsive-e4a30-d-stack-cards-appropriately-firefox/test-failed-1.png]]

[[ATTACHMENT|responsive-T052-Responsive-e4a30-d-stack-cards-appropriately-firefox/video.webm]]

[[ATTACHMENT|responsive-T052-Responsive-e4a30-d-stack-cards-appropriately-firefox/error-context.md]]
]]>
</system-out>
</testcase>
<testcase name="T052: Responsive UI E2E Tests › Mobile Layout (375x667) › should optimize layout for mobile viewport" classname="responsive.spec.ts" time="2.903">
</testcase>
<testcase name="T052: Responsive UI E2E Tests › Mobile Layout (375x667) › should provide mobile-friendly navigation" classname="responsive.spec.ts" time="2.161">
<failure message="responsive.spec.ts:212:9 should provide mobile-friendly navigation" type="FAILURE">
<![CDATA[  [firefox] › responsive.spec.ts:212:9 › T052: Responsive UI E2E Tests › Mobile Layout (375x667) › should provide mobile-friendly navigation 

    Error: expect(received).toBeGreaterThan(expected)

    Expected: > 30
    Received:   28

      226 |           const tabBox = await tab.boundingBox();
      227 |           // Tab should have reasonable touch target size
    > 228 |           expect(Math.min(tabBox!.width, tabBox!.height)).toBeGreaterThan(30);
          |                                                           ^
      229 |         }
      230 |       }
      231 |     });
        at /Users/furuyanaoki/Project/new.mail.score/frontend/tests/e2e/responsive.spec.ts:228:59

    attachment #1: screenshot (image/png) ──────────────────────────────────────────────────────────
    ../../test-results/responsive-T052-Responsive-190e5--mobile-friendly-navigation-firefox/test-failed-1.png
    ────────────────────────────────────────────────────────────────────────────────────────────────

    attachment #2: video (video/webm) ──────────────────────────────────────────────────────────────
    ../../test-results/responsive-T052-Responsive-190e5--mobile-friendly-navigation-firefox/video.webm
    ────────────────────────────────────────────────────────────────────────────────────────────────

    Error Context: ../../test-results/responsive-T052-Responsive-190e5--mobile-friendly-navigation-firefox/error-context.md
]]>
</failure>
<system-out>
<![CDATA[
[[ATTACHMENT|responsive-T052-Responsive-190e5--mobile-friendly-navigation-firefox/test-failed-1.png]]

[[ATTACHMENT|responsive-T052-Responsive-190e5--mobile-friendly-navigation-firefox/video.webm]]

[[ATTACHMENT|responsive-T052-Responsive-190e5--mobile-friendly-navigation-firefox/error-context.md]]
]]>
</system-out>
</testcase>
<testcase name="T052: Responsive UI E2E Tests › Mobile Layout (375x667) › should handle mobile table display" classname="responsive.spec.ts" time="3.368">
<failure message="responsive.spec.ts:233:9 should handle mobile table display" type="FAILURE">
<![CDATA[  [firefox] › responsive.spec.ts:233:9 › T052: Responsive UI E2E Tests › Mobile Layout (375x667) › should handle mobile table display 

    Error: expect(received).toBeLessThanOrEqual(expected)

    Expected: <= 475
    Received:    492.8666458129883

      242 |
      243 |         // Table should fit within mobile viewport or be scrollable
    > 244 |         expect(tableBox!.width).toBeLessThanOrEqual(375 + 100); // Allow for scroll
          |                                 ^
      245 |       }
      246 |     });
      247 |
        at /Users/furuyanaoki/Project/new.mail.score/frontend/tests/e2e/responsive.spec.ts:244:33

    attachment #1: screenshot (image/png) ──────────────────────────────────────────────────────────
    ../../test-results/responsive-T052-Responsive-a8c4b-handle-mobile-table-display-firefox/test-failed-1.png
    ────────────────────────────────────────────────────────────────────────────────────────────────

    attachment #2: video (video/webm) ──────────────────────────────────────────────────────────────
    ../../test-results/responsive-T052-Responsive-a8c4b-handle-mobile-table-display-firefox/video.webm
    ────────────────────────────────────────────────────────────────────────────────────────────────

    Error Context: ../../test-results/responsive-T052-Responsive-a8c4b-handle-mobile-table-display-firefox/error-context.md
]]>
</failure>
<system-out>
<![CDATA[
[[ATTACHMENT|responsive-T052-Responsive-a8c4b-handle-mobile-table-display-firefox/test-failed-1.png]]

[[ATTACHMENT|responsive-T052-Responsive-a8c4b-handle-mobile-table-display-firefox/video.webm]]

[[ATTACHMENT|responsive-T052-Responsive-a8c4b-handle-mobile-table-display-firefox/error-context.md]]
]]>
</system-out>
</testcase>
<testcase name="T052: Responsive UI E2E Tests › Mobile Layout (375x667) › should stack content vertically" classname="responsive.spec.ts" time="4.034">
<failure message="responsive.spec.ts:248:9 should stack content vertically" type="FAILURE">
<![CDATA[  [firefox] › responsive.spec.ts:248:9 › T052: Responsive UI E2E Tests › Mobile Layout (375x667) › should stack content vertically 

    Error: locator.isVisible: Error: strict mode violation: locator('[class*="grid"]') resolved to 2 elements:
        1) <div tabindex="0" role="tablist" aria-orientation="horizontal" data-orientation="horizontal" class="h-9 items-center justify-center rounded-lg bg-muted p-1 text-muted-foreground grid w-full max-w-lg grid-cols-4">…</div> aka getByText('SQLクエリデータ閲覧テーブル構造リアルタイム')
        2) <div class="grid grid-cols-1 lg:grid-cols-2 gap-6">…</div> aka getByTestId('main-content').locator('div').filter({ hasText: 'カラム情報PKuser_idUUID/' }).nth(3)

    Call log:
        - checking visibility of locator('[class*="grid"]')


      251 |       // Cards should definitely stack on mobile
      252 |       const gridContainer = page.locator('[class*="grid"]');
    > 253 |       if (await gridContainer.isVisible()) {
          |                               ^
      254 |         const cards = gridContainer.locator('[class*="Card"], .card');
      255 |         const cardCount = await cards.count();
      256 |
        at /Users/furuyanaoki/Project/new.mail.score/frontend/tests/e2e/responsive.spec.ts:253:31

    attachment #1: screenshot (image/png) ──────────────────────────────────────────────────────────
    ../../test-results/responsive-T052-Responsive-23f91-ld-stack-content-vertically-firefox/test-failed-1.png
    ────────────────────────────────────────────────────────────────────────────────────────────────

    attachment #2: video (video/webm) ──────────────────────────────────────────────────────────────
    ../../test-results/responsive-T052-Responsive-23f91-ld-stack-content-vertically-firefox/video.webm
    ────────────────────────────────────────────────────────────────────────────────────────────────

    Error Context: ../../test-results/responsive-T052-Responsive-23f91-ld-stack-content-vertically-firefox/error-context.md
]]>
</failure>
<system-out>
<![CDATA[
[[ATTACHMENT|responsive-T052-Responsive-23f91-ld-stack-content-vertically-firefox/test-failed-1.png]]

[[ATTACHMENT|responsive-T052-Responsive-23f91-ld-stack-content-vertically-firefox/video.webm]]

[[ATTACHMENT|responsive-T052-Responsive-23f91-ld-stack-content-vertically-firefox/error-context.md]]
]]>
</system-out>
</testcase>
<testcase name="T052: Responsive UI E2E Tests › Mobile Layout (375x667) › should optimize touch interactions" classname="responsive.spec.ts" time="3.249">
<failure message="responsive.spec.ts:270:9 should optimize touch interactions" type="FAILURE">
<![CDATA[  [firefox] › responsive.spec.ts:270:9 › T052: Responsive UI E2E Tests › Mobile Layout (375x667) › should optimize touch interactions 

    Error: expect(received).toBeGreaterThan(expected)

    Expected: > 30
    Received:   28

      282 |           // Touch targets should be at least 32px
      283 |           const minDimension = Math.min(buttonBox!.width, buttonBox!.height);
    > 284 |           expect(minDimension).toBeGreaterThan(30);
          |                                ^
      285 |         }
      286 |       }
      287 |     });
        at /Users/furuyanaoki/Project/new.mail.score/frontend/tests/e2e/responsive.spec.ts:284:32

    attachment #1: screenshot (image/png) ──────────────────────────────────────────────────────────
    ../../test-results/responsive-T052-Responsive-f09de-optimize-touch-interactions-firefox/test-failed-1.png
    ────────────────────────────────────────────────────────────────────────────────────────────────

    attachment #2: video (video/webm) ──────────────────────────────────────────────────────────────
    ../../test-results/responsive-T052-Responsive-f09de-optimize-touch-interactions-firefox/video.webm
    ────────────────────────────────────────────────────────────────────────────────────────────────

    Error Context: ../../test-results/responsive-T052-Responsive-f09de-optimize-touch-interactions-firefox/error-context.md
]]>
</failure>
<system-out>
<![CDATA[
[[ATTACHMENT|responsive-T052-Responsive-f09de-optimize-touch-interactions-firefox/test-failed-1.png]]

[[ATTACHMENT|responsive-T052-Responsive-f09de-optimize-touch-interactions-firefox/video.webm]]

[[ATTACHMENT|responsive-T052-Responsive-f09de-optimize-touch-interactions-firefox/error-context.md]]
]]>
</system-out>
</testcase>
<testcase name="T052: Responsive UI E2E Tests › Mobile Layout (375x667) › should handle mobile sidebar appropriately" classname="responsive.spec.ts" time="2.447">
</testcase>
<testcase name="T052: Responsive UI E2E Tests › Cross-Viewport Functionality › should maintain functionality across all viewports" classname="responsive.spec.ts" time="14.099">
<failure message="responsive.spec.ts:302:9 should maintain functionality across all viewports" type="FAILURE">
<![CDATA[  [firefox] › responsive.spec.ts:302:9 › T052: Responsive UI E2E Tests › Cross-Viewport Functionality › should maintain functionality across all viewports 

    Error: expect(locator).toBeVisible() failed

    Locator:  locator('[data-testid="tables-list"] button.secondary')
    Expected: visible
    Received: <element(s) not found>
    Timeout:  10000ms

    Call log:
      - Expect "toBeVisible" with timeout 10000ms
      - waiting for locator('[data-testid="tables-list"] button.secondary')


      314 |
      315 |         const selectedTable = page.locator('[data-testid="tables-list"] button.secondary');
    > 316 |         await expect(selectedTable).toBeVisible();
          |                                     ^
      317 |
      318 |         // Tab switching should work
      319 |         await dbHelpers.switchToTab('SQLクエリ');
        at /Users/furuyanaoki/Project/new.mail.score/frontend/tests/e2e/responsive.spec.ts:316:37

    attachment #1: screenshot (image/png) ──────────────────────────────────────────────────────────
    ../../test-results/responsive-T052-Responsive-846e7-nality-across-all-viewports-firefox/test-failed-1.png
    ────────────────────────────────────────────────────────────────────────────────────────────────

    attachment #2: video (video/webm) ──────────────────────────────────────────────────────────────
    ../../test-results/responsive-T052-Responsive-846e7-nality-across-all-viewports-firefox/video.webm
    ────────────────────────────────────────────────────────────────────────────────────────────────

    Error Context: ../../test-results/responsive-T052-Responsive-846e7-nality-across-all-viewports-firefox/error-context.md
]]>
</failure>
<system-out>
<![CDATA[
[[ATTACHMENT|responsive-T052-Responsive-846e7-nality-across-all-viewports-firefox/test-failed-1.png]]

[[ATTACHMENT|responsive-T052-Responsive-846e7-nality-across-all-viewports-firefox/video.webm]]

[[ATTACHMENT|responsive-T052-Responsive-846e7-nality-across-all-viewports-firefox/error-context.md]]
]]>
</system-out>
</testcase>
<testcase name="T052: Responsive UI E2E Tests › Cross-Viewport Functionality › should handle viewport transitions smoothly" classname="responsive.spec.ts" time="3.666">
<failure message="responsive.spec.ts:325:9 should handle viewport transitions smoothly" type="FAILURE">
<![CDATA[  [firefox] › responsive.spec.ts:325:9 › T052: Responsive UI E2E Tests › Cross-Viewport Functionality › should handle viewport transitions smoothly 

    Error: expect.toBeVisible: Error: strict mode violation: locator('[data-testid="tables-list"] button:has-text("jobs")') resolved to 3 elements:
        1) <button class="inline-flex items-center gap-2 whitespace-nowrap rounded-md text-sm font-medium transition-colors focus-visible:outline-none focus-visible:ring-1 focus-visible:ring-ring disabled:pointer-events-none disabled:opacity-50 [&_svg]:pointer-events-none [&_svg]:size-4 [&_svg]:shrink-0 hover:bg-accent hover:text-accent-foreground w-full justify-start h-auto p-3 table-item">…</button> aka getByRole('button', { name: 'jobs 求人情報（メインテーブル） 100,000 行' })
        2) <button class="inline-flex items-center gap-2 whitespace-nowrap rounded-md text-sm font-medium transition-colors focus-visible:outline-none focus-visible:ring-1 focus-visible:ring-ring disabled:pointer-events-none disabled:opacity-50 [&_svg]:pointer-events-none [&_svg]:size-4 [&_svg]:shrink-0 hover:bg-accent hover:text-accent-foreground w-full justify-start h-auto p-3 table-item">…</button> aka getByRole('button', { name: 'jobs_match_raw 求人マッチ生データ 100,' })
        3) <button class="inline-flex items-center gap-2 whitespace-nowrap rounded-md text-sm font-medium transition-colors focus-visible:outline-none focus-visible:ring-1 focus-visible:ring-ring disabled:pointer-events-none disabled:opacity-50 [&_svg]:pointer-events-none [&_svg]:size-4 [&_svg]:shrink-0 hover:bg-accent hover:text-accent-foreground w-full justify-start h-auto p-3 table-item">…</button> aka getByRole('button', { name: 'jobs_contents_raw' })

    Call log:
      - Expect "toBeVisible" with timeout 10000ms
      - waiting for locator('[data-testid="tables-list"] button:has-text("jobs")')


       at helpers/database-helpers.ts:23

      21 |   async selectTable(tableName: string) {
      22 |     const tableButton = this.page.locator(`[data-testid="tables-list"] button:has-text("${tableName}")`);
    > 23 |     await expect(tableButton).toBeVisible();
         |                               ^
      24 |     await tableButton.click();
      25 |
      26 |     // Wait for table to be selected
        at DatabaseHelpers.selectTable (/Users/furuyanaoki/Project/new.mail.score/frontend/tests/e2e/helpers/database-helpers.ts:23:31)
        at /Users/furuyanaoki/Project/new.mail.score/frontend/tests/e2e/responsive.spec.ts:328:23

    attachment #1: screenshot (image/png) ──────────────────────────────────────────────────────────
    ../../test-results/responsive-T052-Responsive-bb41b-ewport-transitions-smoothly-firefox/test-failed-1.png
    ────────────────────────────────────────────────────────────────────────────────────────────────

    attachment #2: video (video/webm) ──────────────────────────────────────────────────────────────
    ../../test-results/responsive-T052-Responsive-bb41b-ewport-transitions-smoothly-firefox/video.webm
    ────────────────────────────────────────────────────────────────────────────────────────────────

    Error Context: ../../test-results/responsive-T052-Responsive-bb41b-ewport-transitions-smoothly-firefox/error-context.md
]]>
</failure>
<system-out>
<![CDATA[
[[ATTACHMENT|responsive-T052-Responsive-bb41b-ewport-transitions-smoothly-firefox/test-failed-1.png]]

[[ATTACHMENT|responsive-T052-Responsive-bb41b-ewport-transitions-smoothly-firefox/video.webm]]

[[ATTACHMENT|responsive-T052-Responsive-bb41b-ewport-transitions-smoothly-firefox/error-context.md]]
]]>
</system-out>
</testcase>
<testcase name="T052: Responsive UI E2E Tests › Cross-Viewport Functionality › should maintain search functionality across viewports" classname="responsive.spec.ts" time="7.526">
</testcase>
<testcase name="T052: Responsive UI E2E Tests › Cross-Viewport Functionality › should handle performance consistently across viewports" classname="responsive.spec.ts" time="2.491">
<failure message="responsive.spec.ts:360:9 should handle performance consistently across viewports" type="FAILURE">
<![CDATA[  [firefox] › responsive.spec.ts:360:9 › T052: Responsive UI E2E Tests › Cross-Viewport Functionality › should handle performance consistently across viewports 

    TypeError: Cannot read properties of undefined (reading 'page')

       at helpers/responsive-helpers.ts:13

      11 |    */
      12 |   async setDesktopViewport() {
    > 13 |     await this.page.setViewportSize({ width: 1920, height: 1080 });
         |                ^
      14 |     await this.page.waitForTimeout(500); // Allow time for layout to adjust
      15 |   }
      16 |
        at setViewport (/Users/furuyanaoki/Project/new.mail.score/frontend/tests/e2e/helpers/responsive-helpers.ts:13:16)
        at /Users/furuyanaoki/Project/new.mail.score/frontend/tests/e2e/responsive.spec.ts:368:15

    attachment #1: screenshot (image/png) ──────────────────────────────────────────────────────────
    ../../test-results/responsive-T052-Responsive-a4124-nsistently-across-viewports-firefox/test-failed-1.png
    ────────────────────────────────────────────────────────────────────────────────────────────────

    attachment #2: video (video/webm) ──────────────────────────────────────────────────────────────
    ../../test-results/responsive-T052-Responsive-a4124-nsistently-across-viewports-firefox/video.webm
    ────────────────────────────────────────────────────────────────────────────────────────────────

    Error Context: ../../test-results/responsive-T052-Responsive-a4124-nsistently-across-viewports-firefox/error-context.md
]]>
</failure>
<system-out>
<![CDATA[
[[ATTACHMENT|responsive-T052-Responsive-a4124-nsistently-across-viewports-firefox/test-failed-1.png]]

[[ATTACHMENT|responsive-T052-Responsive-a4124-nsistently-across-viewports-firefox/video.webm]]

[[ATTACHMENT|responsive-T052-Responsive-a4124-nsistently-across-viewports-firefox/error-context.md]]
]]>
</system-out>
</testcase>
<testcase name="T052: Responsive UI E2E Tests › Visual Regression and Layout Consistency › should maintain visual consistency across breakpoints" classname="responsive.spec.ts" time="4.005">
</testcase>
<testcase name="T052: Responsive UI E2E Tests › Visual Regression and Layout Consistency › should handle edge cases in viewport sizes" classname="responsive.spec.ts" time="3.935">
</testcase>
<testcase name="T052: Responsive UI E2E Tests › Visual Regression and Layout Consistency › should maintain accessibility across viewports" classname="responsive.spec.ts" time="5.126">
</testcase>
<testcase name="T052: Responsive UI E2E Tests › Visual Regression and Layout Consistency › should handle dynamic content resizing" classname="responsive.spec.ts" time="3.205">
<failure message="responsive.spec.ts:439:9 should handle dynamic content resizing" type="FAILURE">
<![CDATA[  [firefox] › responsive.spec.ts:439:9 › T052: Responsive UI E2E Tests › Visual Regression and Layout Consistency › should handle dynamic content resizing 

    Error: expect(received).toBeLessThanOrEqual(expected)

    Expected: <= 375
    Received:    526.8666458129883

      450 |         const mainContent = page.locator('[data-testid="main-content"]');
      451 |         const contentBox = await mainContent.boundingBox();
    > 452 |         expect(contentBox!.width).toBeLessThanOrEqual(375);
          |                                   ^
      453 |
      454 |         await page.waitForTimeout(300); // Allow for content adjustment
      455 |       }
        at /Users/furuyanaoki/Project/new.mail.score/frontend/tests/e2e/responsive.spec.ts:452:35

    attachment #1: screenshot (image/png) ──────────────────────────────────────────────────────────
    ../../test-results/responsive-T052-Responsive-15f61-le-dynamic-content-resizing-firefox/test-failed-1.png
    ────────────────────────────────────────────────────────────────────────────────────────────────

    attachment #2: video (video/webm) ──────────────────────────────────────────────────────────────
    ../../test-results/responsive-T052-Responsive-15f61-le-dynamic-content-resizing-firefox/video.webm
    ────────────────────────────────────────────────────────────────────────────────────────────────

    Error Context: ../../test-results/responsive-T052-Responsive-15f61-le-dynamic-content-resizing-firefox/error-context.md
]]>
</failure>
<system-out>
<![CDATA[
[[ATTACHMENT|responsive-T052-Responsive-15f61-le-dynamic-content-resizing-firefox/test-failed-1.png]]

[[ATTACHMENT|responsive-T052-Responsive-15f61-le-dynamic-content-resizing-firefox/video.webm]]

[[ATTACHMENT|responsive-T052-Responsive-15f61-le-dynamic-content-resizing-firefox/error-context.md]]
]]>
</system-out>
</testcase>
<testcase name="T052: Responsive UI E2E Tests › Responsive Interaction Patterns › should support appropriate input methods per device" classname="responsive.spec.ts" time="5.217">
</testcase>
<testcase name="T052: Responsive UI E2E Tests › Responsive Interaction Patterns › should optimize content density per viewport" classname="responsive.spec.ts" time="3.283">
</testcase>
<testcase name="T052: Responsive UI E2E Tests › Responsive Interaction Patterns › should handle orientation changes gracefully" classname="responsive.spec.ts" time="3.856">
<failure message="responsive.spec.ts:500:9 should handle orientation changes gracefully" type="FAILURE">
<![CDATA[  [firefox] › responsive.spec.ts:500:9 › T052: Responsive UI E2E Tests › Responsive Interaction Patterns › should handle orientation changes gracefully 

    Error: expect.toBeVisible: Error: strict mode violation: locator('[data-testid="tables-list"] button:has-text("jobs")') resolved to 3 elements:
        1) <button class="inline-flex items-center gap-2 whitespace-nowrap rounded-md text-sm font-medium transition-colors focus-visible:outline-none focus-visible:ring-1 focus-visible:ring-ring disabled:pointer-events-none disabled:opacity-50 [&_svg]:pointer-events-none [&_svg]:size-4 [&_svg]:shrink-0 hover:bg-accent hover:text-accent-foreground w-full justify-start h-auto p-3 table-item">…</button> aka getByRole('button', { name: 'jobs 求人情報（メインテーブル） 100,000 行' })
        2) <button class="inline-flex items-center gap-2 whitespace-nowrap rounded-md text-sm font-medium transition-colors focus-visible:outline-none focus-visible:ring-1 focus-visible:ring-ring disabled:pointer-events-none disabled:opacity-50 [&_svg]:pointer-events-none [&_svg]:size-4 [&_svg]:shrink-0 hover:bg-accent hover:text-accent-foreground w-full justify-start h-auto p-3 table-item">…</button> aka getByRole('button', { name: 'jobs_match_raw 求人マッチ生データ 100,' })
        3) <button class="inline-flex items-center gap-2 whitespace-nowrap rounded-md text-sm font-medium transition-colors focus-visible:outline-none focus-visible:ring-1 focus-visible:ring-ring disabled:pointer-events-none disabled:opacity-50 [&_svg]:pointer-events-none [&_svg]:size-4 [&_svg]:shrink-0 hover:bg-accent hover:text-accent-foreground w-full justify-start h-auto p-3 table-item">…</button> aka getByRole('button', { name: 'jobs_contents_raw' })

    Call log:
      - Expect "toBeVisible" with timeout 10000ms
      - waiting for locator('[data-testid="tables-list"] button:has-text("jobs")')


       at helpers/database-helpers.ts:23

      21 |   async selectTable(tableName: string) {
      22 |     const tableButton = this.page.locator(`[data-testid="tables-list"] button:has-text("${tableName}")`);
    > 23 |     await expect(tableButton).toBeVisible();
         |                               ^
      24 |     await tableButton.click();
      25 |
      26 |     // Wait for table to be selected
        at DatabaseHelpers.selectTable (/Users/furuyanaoki/Project/new.mail.score/frontend/tests/e2e/helpers/database-helpers.ts:23:31)
        at /Users/furuyanaoki/Project/new.mail.score/frontend/tests/e2e/responsive.spec.ts:503:23

    attachment #1: screenshot (image/png) ──────────────────────────────────────────────────────────
    ../../test-results/responsive-T052-Responsive-c9ad2-entation-changes-gracefully-firefox/test-failed-1.png
    ────────────────────────────────────────────────────────────────────────────────────────────────

    attachment #2: video (video/webm) ──────────────────────────────────────────────────────────────
    ../../test-results/responsive-T052-Responsive-c9ad2-entation-changes-gracefully-firefox/video.webm
    ────────────────────────────────────────────────────────────────────────────────────────────────

    Error Context: ../../test-results/responsive-T052-Responsive-c9ad2-entation-changes-gracefully-firefox/error-context.md
]]>
</failure>
<system-out>
<![CDATA[
[[ATTACHMENT|responsive-T052-Responsive-c9ad2-entation-changes-gracefully-firefox/test-failed-1.png]]

[[ATTACHMENT|responsive-T052-Responsive-c9ad2-entation-changes-gracefully-firefox/video.webm]]

[[ATTACHMENT|responsive-T052-Responsive-c9ad2-entation-changes-gracefully-firefox/error-context.md]]
]]>
</system-out>
</testcase>
</testsuite>
<testsuite name="responsive.spec.ts" timestamp="2025-09-19T14:45:13.091Z" hostname="webkit" tests="25" failures="13" skipped="0" time="96.65" errors="0">
<testcase name="T052: Responsive UI E2E Tests › Desktop Layout (1920x1080) › should display full desktop layout correctly" classname="responsive.spec.ts" time="2.597">
</testcase>
<testcase name="T052: Responsive UI E2E Tests › Desktop Layout (1920x1080) › should show all navigation elements clearly" classname="responsive.spec.ts" time="5.126">
</testcase>
<testcase name="T052: Responsive UI E2E Tests › Desktop Layout (1920x1080) › should display tables with full column visibility" classname="responsive.spec.ts" time="5.475">
<failure message="responsive.spec.ts:71:9 should display tables with full column visibility" type="FAILURE">
<![CDATA[  [webkit] › responsive.spec.ts:71:9 › T052: Responsive UI E2E Tests › Desktop Layout (1920x1080) › should display tables with full column visibility 

    Error: expect(received).toBeGreaterThan(expected)

    Expected: > 50
    Received:   48

      86 |         const header = headers.nth(i);
      87 |         const headerBox = await header.boundingBox();
    > 88 |         expect(headerBox!.width).toBeGreaterThan(50);
         |                                  ^
      89 |       }
      90 |     });
      91 |
        at /Users/furuyanaoki/Project/new.mail.score/frontend/tests/e2e/responsive.spec.ts:88:34

    attachment #1: screenshot (image/png) ──────────────────────────────────────────────────────────
    ../../test-results/responsive-T052-Responsive-ffa00-with-full-column-visibility-webkit/test-failed-1.png
    ────────────────────────────────────────────────────────────────────────────────────────────────

    attachment #2: video (video/webm) ──────────────────────────────────────────────────────────────
    ../../test-results/responsive-T052-Responsive-ffa00-with-full-column-visibility-webkit/video.webm
    ────────────────────────────────────────────────────────────────────────────────────────────────

    Error Context: ../../test-results/responsive-T052-Responsive-ffa00-with-full-column-visibility-webkit/error-context.md
]]>
</failure>
<system-out>
<![CDATA[
[[ATTACHMENT|responsive-T052-Responsive-ffa00-with-full-column-visibility-webkit/test-failed-1.png]]

[[ATTACHMENT|responsive-T052-Responsive-ffa00-with-full-column-visibility-webkit/video.webm]]

[[ATTACHMENT|responsive-T052-Responsive-ffa00-with-full-column-visibility-webkit/error-context.md]]
]]>
</system-out>
</testcase>
<testcase name="T052: Responsive UI E2E Tests › Desktop Layout (1920x1080) › should handle side-by-side content layout" classname="responsive.spec.ts" time="3.738">
<failure message="responsive.spec.ts:92:9 should handle side-by-side content layout" type="FAILURE">
<![CDATA[  [webkit] › responsive.spec.ts:92:9 › T052: Responsive UI E2E Tests › Desktop Layout (1920x1080) › should handle side-by-side content layout 

    Error: locator.isVisible: Error: strict mode violation: locator('[class*="grid"]') resolved to 2 elements:
        1) <div tabindex="0" role="tablist" aria-orientation="horizontal" data-orientation="horizontal" class="h-9 items-center justify-center rounded-lg bg-muted p-1 text-muted-foreground grid w-full max-w-lg grid-cols-4">…</div> aka getByText('SQLクエリデータ閲覧テーブル構造リアルタイム')
        2) <div class="grid grid-cols-1 lg:grid-cols-2 gap-6">…</div> aka getByTestId('main-content').locator('div').filter({ hasText: 'カラム情報PKuser_idUUID/' }).nth(3)

    Call log:
        - checking visibility of locator('[class*="grid"]')


       95 |       // Check for grid layout cards
       96 |       const gridContainer = page.locator('[class*="grid"]');
    >  97 |       if (await gridContainer.isVisible()) {
          |                               ^
       98 |         const cards = gridContainer.locator('[class*="Card"], .card');
       99 |         const cardCount = await cards.count();
      100 |
        at /Users/furuyanaoki/Project/new.mail.score/frontend/tests/e2e/responsive.spec.ts:97:31

    attachment #1: screenshot (image/png) ──────────────────────────────────────────────────────────
    ../../test-results/responsive-T052-Responsive-52683-side-by-side-content-layout-webkit/test-failed-1.png
    ────────────────────────────────────────────────────────────────────────────────────────────────

    attachment #2: video (video/webm) ──────────────────────────────────────────────────────────────
    ../../test-results/responsive-T052-Responsive-52683-side-by-side-content-layout-webkit/video.webm
    ────────────────────────────────────────────────────────────────────────────────────────────────

    Error Context: ../../test-results/responsive-T052-Responsive-52683-side-by-side-content-layout-webkit/error-context.md
]]>
</failure>
<system-out>
<![CDATA[
[[ATTACHMENT|responsive-T052-Responsive-52683-side-by-side-content-layout-webkit/test-failed-1.png]]

[[ATTACHMENT|responsive-T052-Responsive-52683-side-by-side-content-layout-webkit/video.webm]]

[[ATTACHMENT|responsive-T052-Responsive-52683-side-by-side-content-layout-webkit/error-context.md]]
]]>
</system-out>
</testcase>
<testcase name="T052: Responsive UI E2E Tests › Tablet Layout (768x1024) › should adapt layout for tablet viewport" classname="responsive.spec.ts" time="2.902">
</testcase>
<testcase name="T052: Responsive UI E2E Tests › Tablet Layout (768x1024) › should show responsive navigation elements" classname="responsive.spec.ts" time="3.303">
</testcase>
<testcase name="T052: Responsive UI E2E Tests › Tablet Layout (768x1024) › should maintain table readability" classname="responsive.spec.ts" time="2.375">
<failure message="responsive.spec.ts:155:9 should maintain table readability" type="FAILURE">
<![CDATA[  [webkit] › responsive.spec.ts:155:9 › T052: Responsive UI E2E Tests › Tablet Layout (768x1024) › should maintain table readability 

    Error: expect(received).toBeLessThanOrEqual(expected)

    Expected: <= 818
    Received:    1108.125

      163 |
      164 |       // Table should not exceed viewport width
    > 165 |       expect(containerBox!.width).toBeLessThanOrEqual(768 + 50); // Allow for scroll
          |                                   ^
      166 |     });
      167 |
      168 |     test('should stack cards appropriately', async ({ page }) => {
        at /Users/furuyanaoki/Project/new.mail.score/frontend/tests/e2e/responsive.spec.ts:165:35

    attachment #1: screenshot (image/png) ──────────────────────────────────────────────────────────
    ../../test-results/responsive-T052-Responsive-879fd--maintain-table-readability-webkit/test-failed-1.png
    ────────────────────────────────────────────────────────────────────────────────────────────────

    attachment #2: video (video/webm) ──────────────────────────────────────────────────────────────
    ../../test-results/responsive-T052-Responsive-879fd--maintain-table-readability-webkit/video.webm
    ────────────────────────────────────────────────────────────────────────────────────────────────

    Error Context: ../../test-results/responsive-T052-Responsive-879fd--maintain-table-readability-webkit/error-context.md
]]>
</failure>
<system-out>
<![CDATA[
[[ATTACHMENT|responsive-T052-Responsive-879fd--maintain-table-readability-webkit/test-failed-1.png]]

[[ATTACHMENT|responsive-T052-Responsive-879fd--maintain-table-readability-webkit/video.webm]]

[[ATTACHMENT|responsive-T052-Responsive-879fd--maintain-table-readability-webkit/error-context.md]]
]]>
</system-out>
</testcase>
<testcase name="T052: Responsive UI E2E Tests › Tablet Layout (768x1024) › should stack cards appropriately" classname="responsive.spec.ts" time="3.492">
<failure message="responsive.spec.ts:168:9 should stack cards appropriately" type="FAILURE">
<![CDATA[  [webkit] › responsive.spec.ts:168:9 › T052: Responsive UI E2E Tests › Tablet Layout (768x1024) › should stack cards appropriately 

    Error: locator.isVisible: Error: strict mode violation: locator('[class*="grid"]') resolved to 2 elements:
        1) <div tabindex="0" role="tablist" aria-orientation="horizontal" data-orientation="horizontal" class="h-9 items-center justify-center rounded-lg bg-muted p-1 text-muted-foreground grid w-full max-w-lg grid-cols-4">…</div> aka getByText('SQLクエリデータ閲覧テーブル構造リアルタイム')
        2) <div class="grid grid-cols-1 lg:grid-cols-2 gap-6">…</div> aka getByTestId('main-content').locator('div').filter({ hasText: 'カラム情報PKuser_idUUID/' }).nth(3)

    Call log:
        - checking visibility of locator('[class*="grid"]')


      170 |
      171 |       const gridContainer = page.locator('[class*="grid"]');
    > 172 |       if (await gridContainer.isVisible()) {
          |                               ^
      173 |         const cards = gridContainer.locator('[class*="Card"], .card');
      174 |         const cardCount = await cards.count();
      175 |
        at /Users/furuyanaoki/Project/new.mail.score/frontend/tests/e2e/responsive.spec.ts:172:31

    attachment #1: screenshot (image/png) ──────────────────────────────────────────────────────────
    ../../test-results/responsive-T052-Responsive-e4a30-d-stack-cards-appropriately-webkit/test-failed-1.png
    ────────────────────────────────────────────────────────────────────────────────────────────────

    attachment #2: video (video/webm) ──────────────────────────────────────────────────────────────
    ../../test-results/responsive-T052-Responsive-e4a30-d-stack-cards-appropriately-webkit/video.webm
    ────────────────────────────────────────────────────────────────────────────────────────────────

    Error Context: ../../test-results/responsive-T052-Responsive-e4a30-d-stack-cards-appropriately-webkit/error-context.md
]]>
</failure>
<system-out>
<![CDATA[
[[ATTACHMENT|responsive-T052-Responsive-e4a30-d-stack-cards-appropriately-webkit/test-failed-1.png]]

[[ATTACHMENT|responsive-T052-Responsive-e4a30-d-stack-cards-appropriately-webkit/video.webm]]

[[ATTACHMENT|responsive-T052-Responsive-e4a30-d-stack-cards-appropriately-webkit/error-context.md]]
]]>
</system-out>
[...]

    Expected: > 30
    Received:   28

      282 |           // Touch targets should be at least 32px
      283 |           const minDimension = Math.min(buttonBox!.width, buttonBox!.height);
    > 284 |           expect(minDimension).toBeGreaterThan(30);
          |                                ^
      285 |         }
      286 |       }
      287 |     });
        at /Users/furuyanaoki/Project/new.mail.score/frontend/tests/e2e/responsive.spec.ts:284:32

    attachment #1: screenshot (image/png) ──────────────────────────────────────────────────────────
    ../../test-results/responsive-T052-Responsive-f09de-optimize-touch-interactions-Mobile-Safari/test-failed-1.png
    ────────────────────────────────────────────────────────────────────────────────────────────────

    attachment #2: video (video/webm) ──────────────────────────────────────────────────────────────
    ../../test-results/responsive-T052-Responsive-f09de-optimize-touch-interactions-Mobile-Safari/video.webm
    ────────────────────────────────────────────────────────────────────────────────────────────────

    Error Context: ../../test-results/responsive-T052-Responsive-f09de-optimize-touch-interactions-Mobile-Safari/error-context.md
]]>
</failure>
<system-out>
<![CDATA[
[[ATTACHMENT|responsive-T052-Responsive-f09de-optimize-touch-interactions-Mobile-Safari/test-failed-1.png]]

[[ATTACHMENT|responsive-T052-Responsive-f09de-optimize-touch-interactions-Mobile-Safari/video.webm]]

[[ATTACHMENT|responsive-T052-Responsive-f09de-optimize-touch-interactions-Mobile-Safari/error-context.md]]
]]>
</system-out>
</testcase>
<testcase name="T052: Responsive UI E2E Tests › Mobile Layout (375x667) › should handle mobile sidebar appropriately" classname="responsive.spec.ts" time="1.972">
</testcase>
<testcase name="T052: Responsive UI E2E Tests › Cross-Viewport Functionality › should maintain functionality across all viewports" classname="responsive.spec.ts" time="12.061">
<failure message="responsive.spec.ts:302:9 should maintain functionality across all viewports" type="FAILURE">
<![CDATA[  [Mobile Safari] › responsive.spec.ts:302:9 › T052: Responsive UI E2E Tests › Cross-Viewport Functionality › should maintain functionality across all viewports 

    Error: expect(locator).toBeVisible() failed

    Locator:  locator('[data-testid="tables-list"] button.secondary')
    Expected: visible
    Received: <element(s) not found>
    Timeout:  10000ms

    Call log:
      - Expect "toBeVisible" with timeout 10000ms
      - waiting for locator('[data-testid="tables-list"] button.secondary')


      314 |
      315 |         const selectedTable = page.locator('[data-testid="tables-list"] button.secondary');
    > 316 |         await expect(selectedTable).toBeVisible();
          |                                     ^
      317 |
      318 |         // Tab switching should work
      319 |         await dbHelpers.switchToTab('SQLクエリ');
        at /Users/furuyanaoki/Project/new.mail.score/frontend/tests/e2e/responsive.spec.ts:316:37

    attachment #1: screenshot (image/png) ──────────────────────────────────────────────────────────
    ../../test-results/responsive-T052-Responsive-846e7-nality-across-all-viewports-Mobile-Safari/test-failed-1.png
    ────────────────────────────────────────────────────────────────────────────────────────────────

    attachment #2: video (video/webm) ──────────────────────────────────────────────────────────────
    ../../test-results/responsive-T052-Responsive-846e7-nality-across-all-viewports-Mobile-Safari/video.webm
    ────────────────────────────────────────────────────────────────────────────────────────────────

    Error Context: ../../test-results/responsive-T052-Responsive-846e7-nality-across-all-viewports-Mobile-Safari/error-context.md
]]>
</failure>
<system-out>
<![CDATA[
[[ATTACHMENT|responsive-T052-Responsive-846e7-nality-across-all-viewports-Mobile-Safari/test-failed-1.png]]

[[ATTACHMENT|responsive-T052-Responsive-846e7-nality-across-all-viewports-Mobile-Safari/video.webm]]

[[ATTACHMENT|responsive-T052-Responsive-846e7-nality-across-all-viewports-Mobile-Safari/error-context.md]]
]]>
</system-out>
</testcase>
<testcase name="T052: Responsive UI E2E Tests › Cross-Viewport Functionality › should handle viewport transitions smoothly" classname="responsive.spec.ts" time="2.027">
<failure message="responsive.spec.ts:325:9 should handle viewport transitions smoothly" type="FAILURE">
<![CDATA[  [Mobile Safari] › responsive.spec.ts:325:9 › T052: Responsive UI E2E Tests › Cross-Viewport Functionality › should handle viewport transitions smoothly 

    Error: expect.toBeVisible: Error: strict mode violation: locator('[data-testid="tables-list"] button:has-text("jobs")') resolved to 3 elements:
        1) <button class="inline-flex items-center gap-2 whitespace-nowrap rounded-md text-sm font-medium transition-colors focus-visible:outline-none focus-visible:ring-1 focus-visible:ring-ring disabled:pointer-events-none disabled:opacity-50 [&_svg]:pointer-events-none [&_svg]:size-4 [&_svg]:shrink-0 hover:bg-accent hover:text-accent-foreground w-full justify-start h-auto p-3 table-item">…</button> aka getByRole('button', { name: 'jobs 求人情報（メインテーブル） 100,000 行' })
        2) <button class="inline-flex items-center gap-2 whitespace-nowrap rounded-md text-sm font-medium transition-colors focus-visible:outline-none focus-visible:ring-1 focus-visible:ring-ring disabled:pointer-events-none disabled:opacity-50 [&_svg]:pointer-events-none [&_svg]:size-4 [&_svg]:shrink-0 hover:bg-accent hover:text-accent-foreground w-full justify-start h-auto p-3 table-item">…</button> aka getByRole('button', { name: 'jobs_match_raw 求人マッチ生データ 100,' })
        3) <button class="inline-flex items-center gap-2 whitespace-nowrap rounded-md text-sm font-medium transition-colors focus-visible:outline-none focus-visible:ring-1 focus-visible:ring-ring disabled:pointer-events-none disabled:opacity-50 [&_svg]:pointer-events-none [&_svg]:size-4 [&_svg]:shrink-0 hover:bg-accent hover:text-accent-foreground w-full justify-start h-auto p-3 table-item">…</button> aka getByRole('button', { name: 'jobs_contents_raw' })

    Call log:
      - Expect "toBeVisible" with timeout 10000ms
      - waiting for locator('[data-testid="tables-list"] button:has-text("jobs")')


       at helpers/database-helpers.ts:23

      21 |   async selectTable(tableName: string) {
      22 |     const tableButton = this.page.locator(`[data-testid="tables-list"] button:has-text("${tableName}")`);
    > 23 |     await expect(tableButton).toBeVisible();
         |                               ^
      24 |     await tableButton.click();
      25 |
      26 |     // Wait for table to be selected
        at DatabaseHelpers.selectTable (/Users/furuyanaoki/Project/new.mail.score/frontend/tests/e2e/helpers/database-helpers.ts:23:31)
        at /Users/furuyanaoki/Project/new.mail.score/frontend/tests/e2e/responsive.spec.ts:328:23

    attachment #1: screenshot (image/png) ──────────────────────────────────────────────────────────
    ../../test-results/responsive-T052-Responsive-bb41b-ewport-transitions-smoothly-Mobile-Safari/test-failed-1.png
    ────────────────────────────────────────────────────────────────────────────────────────────────

    attachment #2: video (video/webm) ──────────────────────────────────────────────────────────────
    ../../test-results/responsive-T052-Responsive-bb41b-ewport-transitions-smoothly-Mobile-Safari/video.webm
    ────────────────────────────────────────────────────────────────────────────────────────────────

    Error Context: ../../test-results/responsive-T052-Responsive-bb41b-ewport-transitions-smoothly-Mobile-Safari/error-context.md
]]>
</failure>
<system-out>
<![CDATA[
[[ATTACHMENT|responsive-T052-Responsive-bb41b-ewport-transitions-smoothly-Mobile-Safari/test-failed-1.png]]

[[ATTACHMENT|responsive-T052-Responsive-bb41b-ewport-transitions-smoothly-Mobile-Safari/video.webm]]

[[ATTACHMENT|responsive-T052-Responsive-bb41b-ewport-transitions-smoothly-Mobile-Safari/error-context.md]]
]]>
</system-out>
</testcase>
<testcase name="T052: Responsive UI E2E Tests › Cross-Viewport Functionality › should maintain search functionality across viewports" classname="responsive.spec.ts" time="6.876">
</testcase>
<testcase name="T052: Responsive UI E2E Tests › Cross-Viewport Functionality › should handle performance consistently across viewports" classname="responsive.spec.ts" time="1.859">
<failure message="responsive.spec.ts:360:9 should handle performance consistently across viewports" type="FAILURE">
<![CDATA[  [Mobile Safari] › responsive.spec.ts:360:9 › T052: Responsive UI E2E Tests › Cross-Viewport Functionality › should handle performance consistently across viewports 

    TypeError: Cannot read properties of undefined (reading 'page')

       at helpers/responsive-helpers.ts:13

      11 |    */
      12 |   async setDesktopViewport() {
    > 13 |     await this.page.setViewportSize({ width: 1920, height: 1080 });
         |                ^
      14 |     await this.page.waitForTimeout(500); // Allow time for layout to adjust
      15 |   }
      16 |
        at setViewport (/Users/furuyanaoki/Project/new.mail.score/frontend/tests/e2e/helpers/responsive-helpers.ts:13:16)
        at /Users/furuyanaoki/Project/new.mail.score/frontend/tests/e2e/responsive.spec.ts:368:15

    attachment #1: screenshot (image/png) ──────────────────────────────────────────────────────────
    ../../test-results/responsive-T052-Responsive-a4124-nsistently-across-viewports-Mobile-Safari/test-failed-1.png
    ────────────────────────────────────────────────────────────────────────────────────────────────

    attachment #2: video (video/webm) ──────────────────────────────────────────────────────────────
    ../../test-results/responsive-T052-Responsive-a4124-nsistently-across-viewports-Mobile-Safari/video.webm
    ────────────────────────────────────────────────────────────────────────────────────────────────

    Error Context: ../../test-results/responsive-T052-Responsive-a4124-nsistently-across-viewports-Mobile-Safari/error-context.md
]]>
</failure>
<system-out>
<![CDATA[
[[ATTACHMENT|responsive-T052-Responsive-a4124-nsistently-across-viewports-Mobile-Safari/test-failed-1.png]]

[[ATTACHMENT|responsive-T052-Responsive-a4124-nsistently-across-viewports-Mobile-Safari/video.webm]]

[[ATTACHMENT|responsive-T052-Responsive-a4124-nsistently-across-viewports-Mobile-Safari/error-context.md]]
]]>
</system-out>
</testcase>
<testcase name="T052: Responsive UI E2E Tests › Visual Regression and Layout Consistency › should maintain visual consistency across breakpoints" classname="responsive.spec.ts" time="4.513">
</testcase>
<testcase name="T052: Responsive UI E2E Tests › Visual Regression and Layout Consistency › should handle edge cases in viewport sizes" classname="responsive.spec.ts" time="4.954">
</testcase>
<testcase name="T052: Responsive UI E2E Tests › Visual Regression and Layout Consistency › should maintain accessibility across viewports" classname="responsive.spec.ts" time="4.72">
</testcase>
<testcase name="T052: Responsive UI E2E Tests › Visual Regression and Layout Consistency › should handle dynamic content resizing" classname="responsive.spec.ts" time="2.487">
<failure message="responsive.spec.ts:439:9 should handle dynamic content resizing" type="FAILURE">
<![CDATA[  [Mobile Safari] › responsive.spec.ts:439:9 › T052: Responsive UI E2E Tests › Visual Regression and Layout Consistency › should handle dynamic content resizing 

    Error: expect(received).toBeLessThanOrEqual(expected)

    Expected: <= 375
    Received:    526.890625

      450 |         const mainContent = page.locator('[data-testid="main-content"]');
      451 |         const contentBox = await mainContent.boundingBox();
    > 452 |         expect(contentBox!.width).toBeLessThanOrEqual(375);
          |                                   ^
      453 |
      454 |         await page.waitForTimeout(300); // Allow for content adjustment
      455 |       }
        at /Users/furuyanaoki/Project/new.mail.score/frontend/tests/e2e/responsive.spec.ts:452:35

    attachment #1: screenshot (image/png) ──────────────────────────────────────────────────────────
    ../../test-results/responsive-T052-Responsive-15f61-le-dynamic-content-resizing-Mobile-Safari/test-failed-1.png
    ────────────────────────────────────────────────────────────────────────────────────────────────

    attachment #2: video (video/webm) ──────────────────────────────────────────────────────────────
    ../../test-results/responsive-T052-Responsive-15f61-le-dynamic-content-resizing-Mobile-Safari/video.webm
    ────────────────────────────────────────────────────────────────────────────────────────────────

    Error Context: ../../test-results/responsive-T052-Responsive-15f61-le-dynamic-content-resizing-Mobile-Safari/error-context.md
]]>
</failure>
<system-out>
<![CDATA[
[[ATTACHMENT|responsive-T052-Responsive-15f61-le-dynamic-content-resizing-Mobile-Safari/test-failed-1.png]]

[[ATTACHMENT|responsive-T052-Responsive-15f61-le-dynamic-content-resizing-Mobile-Safari/video.webm]]

[[ATTACHMENT|responsive-T052-Responsive-15f61-le-dynamic-content-resizing-Mobile-Safari/error-context.md]]
]]>
</system-out>
</testcase>
<testcase name="T052: Responsive UI E2E Tests › Responsive Interaction Patterns › should support appropriate input methods per device" classname="responsive.spec.ts" time="2">
<failure message="responsive.spec.ts:460:9 should support appropriate input methods per device" type="FAILURE">
<![CDATA[  [Mobile Safari] › responsive.spec.ts:460:9 › T052: Responsive UI E2E Tests › Responsive Interaction Patterns › should support appropriate input methods per device 

    Error: mouse.wheel: Mouse wheel is not supported in mobile WebKit

       at helpers/responsive-helpers.ts:139

      137 |
      138 |     // Scroll down to test overflow handling
    > 139 |     await this.page.mouse.wheel(0, 500);
          |                           ^
      140 |     await this.page.waitForTimeout(300);
      141 |
      142 |     // Scroll back up
        at ResponsiveHelpers.verifyScrollBehavior (/Users/furuyanaoki/Project/new.mail.score/frontend/tests/e2e/helpers/responsive-helpers.ts:139:27)
        at /Users/furuyanaoki/Project/new.mail.score/frontend/tests/e2e/responsive.spec.ts:463:9
        at ResponsiveHelpers.testAllBreakpoints (/Users/furuyanaoki/Project/new.mail.score/frontend/tests/e2e/helpers/responsive-helpers.ts:171:5)
        at /Users/furuyanaoki/Project/new.mail.score/frontend/tests/e2e/responsive.spec.ts:462:7

    attachment #1: screenshot (image/png) ──────────────────────────────────────────────────────────
    ../../test-results/responsive-T052-Responsive-b9b9f-te-input-methods-per-device-Mobile-Safari/test-failed-1.png
    ────────────────────────────────────────────────────────────────────────────────────────────────

    attachment #2: video (video/webm) ──────────────────────────────────────────────────────────────
    ../../test-results/responsive-T052-Responsive-b9b9f-te-input-methods-per-device-Mobile-Safari/video.webm
    ────────────────────────────────────────────────────────────────────────────────────────────────

    Error Context: ../../test-results/responsive-T052-Responsive-b9b9f-te-input-methods-per-device-Mobile-Safari/error-context.md
]]>
</failure>
<system-out>
<![CDATA[
[[ATTACHMENT|responsive-T052-Responsive-b9b9f-te-input-methods-per-device-Mobile-Safari/test-failed-1.png]]

[[ATTACHMENT|responsive-T052-Responsive-b9b9f-te-input-methods-per-device-Mobile-Safari/video.webm]]

[[ATTACHMENT|responsive-T052-Responsive-b9b9f-te-input-methods-per-device-Mobile-Safari/error-context.md]]
]]>
</system-out>
</testcase>
<testcase name="T052: Responsive UI E2E Tests › Responsive Interaction Patterns › should optimize content density per viewport" classname="responsive.spec.ts" time="3.603">
</testcase>
<testcase name="T052: Responsive UI E2E Tests › Responsive Interaction Patterns › should handle orientation changes gracefully" classname="responsive.spec.ts" time="1.3">
<failure message="responsive.spec.ts:500:9 should handle orientation changes gracefully" type="FAILURE">
<![CDATA[  [Mobile Safari] › responsive.spec.ts:500:9 › T052: Responsive UI E2E Tests › Responsive Interaction Patterns › should handle orientation changes gracefully 

    Error: expect.toBeVisible: Error: strict mode violation: locator('[data-testid="tables-list"] button:has-text("jobs")') resolved to 3 elements:
        1) <button class="inline-flex items-center gap-2 whitespace-nowrap rounded-md text-sm font-medium transition-colors focus-visible:outline-none focus-visible:ring-1 focus-visible:ring-ring disabled:pointer-events-none disabled:opacity-50 [&_svg]:pointer-events-none [&_svg]:size-4 [&_svg]:shrink-0 hover:bg-accent hover:text-accent-foreground w-full justify-start h-auto p-3 table-item">…</button> aka getByRole('button', { name: 'jobs 求人情報（メインテーブル） 100,000 行' })
        2) <button class="inline-flex items-center gap-2 whitespace-nowrap rounded-md text-sm font-medium transition-colors focus-visible:outline-none focus-visible:ring-1 focus-visible:ring-ring disabled:pointer-events-none disabled:opacity-50 [&_svg]:pointer-events-none [&_svg]:size-4 [&_svg]:shrink-0 hover:bg-accent hover:text-accent-foreground w-full justify-start h-auto p-3 table-item">…</button> aka getByRole('button', { name: 'jobs_match_raw 求人マッチ生データ 100,' })
        3) <button class="inline-flex items-center gap-2 whitespace-nowrap rounded-md text-sm font-medium transition-colors focus-visible:outline-none focus-visible:ring-1 focus-visible:ring-ring disabled:pointer-events-none disabled:opacity-50 [&_svg]:pointer-events-none [&_svg]:size-4 [&_svg]:shrink-0 hover:bg-accent hover:text-accent-foreground w-full justify-start h-auto p-3 table-item">…</button> aka getByRole('button', { name: 'jobs_contents_raw' })

    Call log:
      - Expect "toBeVisible" with timeout 10000ms
      - waiting for locator('[data-testid="tables-list"] button:has-text("jobs")')


       at helpers/database-helpers.ts:23

      21 |   async selectTable(tableName: string) {
      22 |     const tableButton = this.page.locator(`[data-testid="tables-list"] button:has-text("${tableName}")`);
    > 23 |     await expect(tableButton).toBeVisible();
         |                               ^
      24 |     await tableButton.click();
      25 |
      26 |     // Wait for table to be selected
        at DatabaseHelpers.selectTable (/Users/furuyanaoki/Project/new.mail.score/frontend/tests/e2e/helpers/database-helpers.ts:23:31)
        at /Users/furuyanaoki/Project/new.mail.score/frontend/tests/e2e/responsive.spec.ts:503:23

    attachment #1: screenshot (image/png) ──────────────────────────────────────────────────────────
    ../../test-results/responsive-T052-Responsive-c9ad2-entation-changes-gracefully-Mobile-Safari/test-failed-1.png
    ────────────────────────────────────────────────────────────────────────────────────────────────

    attachment #2: video (video/webm) ──────────────────────────────────────────────────────────────
    ../../test-results/responsive-T052-Responsive-c9ad2-entation-changes-gracefully-Mobile-Safari/video.webm
    ────────────────────────────────────────────────────────────────────────────────────────────────

    Error Context: ../../test-results/responsive-T052-Responsive-c9ad2-entation-changes-gracefully-Mobile-Safari/error-context.md
]]>
</failure>
<system-out>
<![CDATA[
[[ATTACHMENT|responsive-T052-Responsive-c9ad2-entation-changes-gracefully-Mobile-Safari/test-failed-1.png]]

[[ATTACHMENT|responsive-T052-Responsive-c9ad2-entation-changes-gracefully-Mobile-Safari/video.webm]]

[[ATTACHMENT|responsive-T052-Responsive-c9ad2-entation-changes-gracefully-Mobile-Safari/error-context.md]]
]]>
</system-out>
</testcase>
</testsuite>
</testsuites>