<testsuites id="" name="" tests="5" failures="3" skipped="0" errors="0" time="28.303895">
<testsuite name="test_frontend_performance.spec.ts" timestamp="2025-09-19T15:25:07.742Z" hostname="chromium" tests="5" failures="3" skipped="0" time="54.787" errors="0">
<testcase name="T085: Frontend Performance Testing â€º 1. Page Load Performance Metrics" classname="test_frontend_performance.spec.ts" time="4.987">
<failure message="test_frontend_performance.spec.ts:154:7 1. Page Load Performance Metrics" type="FAILURE">
<![CDATA[  [chromium] â€º test_frontend_performance.spec.ts:154:7 â€º T085: Frontend Performance Testing â€º 1. Page Load Performance Metrics 

    Error: Page load performance test failed: page.evaluate: TypeError: this.getMetrics is not a function
        at eval (eval at evaluate (:291:30), <anonymous>:5:16)
        at new Promise (<anonymous>)
        at eval (eval at evaluate (:291:30), <anonymous>:2:14)
        at UtilityScript.evaluate (<anonymous>:293:16)
        at UtilityScript.<anonymous> (<anonymous>:1:44)
        at eval (eval at evaluate (:291:30), <anonymous>:5:16)
        at eval (eval at evaluate (:291:30), <anonymous>:2:14)
        at UtilityScript.evaluate (<anonymous>:293:16)
        at UtilityScript.<anonymous> (<anonymous>:1:44)
        at /Users/furuyanaoki/Project/new.mail.score/frontend/tests/e2e/test_frontend_performance.spec.ts:202:13

    attachment #1: screenshot (image/png) â”€â”€â”€â”€â”€â”€â”€â”€â”€â”€â”€â”€â”€â”€â”€â”€â”€â”€â”€â”€â”€â”€â”€â”€â”€â”€â”€â”€â”€â”€â”€â”€â”€â”€â”€â”€â”€â”€â”€â”€â”€â”€â”€â”€â”€â”€â”€â”€â”€â”€â”€â”€â”€â”€â”€â”€â”€â”€
    ../../test-results/test_frontend_performance--52041-ge-Load-Performance-Metrics-chromium/test-failed-1.png
    â”€â”€â”€â”€â”€â”€â”€â”€â”€â”€â”€â”€â”€â”€â”€â”€â”€â”€â”€â”€â”€â”€â”€â”€â”€â”€â”€â”€â”€â”€â”€â”€â”€â”€â”€â”€â”€â”€â”€â”€â”€â”€â”€â”€â”€â”€â”€â”€â”€â”€â”€â”€â”€â”€â”€â”€â”€â”€â”€â”€â”€â”€â”€â”€â”€â”€â”€â”€â”€â”€â”€â”€â”€â”€â”€â”€â”€â”€â”€â”€â”€â”€â”€â”€â”€â”€â”€â”€â”€â”€â”€â”€â”€â”€â”€â”€

    attachment #2: video (video/webm) â”€â”€â”€â”€â”€â”€â”€â”€â”€â”€â”€â”€â”€â”€â”€â”€â”€â”€â”€â”€â”€â”€â”€â”€â”€â”€â”€â”€â”€â”€â”€â”€â”€â”€â”€â”€â”€â”€â”€â”€â”€â”€â”€â”€â”€â”€â”€â”€â”€â”€â”€â”€â”€â”€â”€â”€â”€â”€â”€â”€â”€â”€
    ../../test-results/test_frontend_performance--52041-ge-Load-Performance-Metrics-chromium/video.webm
    â”€â”€â”€â”€â”€â”€â”€â”€â”€â”€â”€â”€â”€â”€â”€â”€â”€â”€â”€â”€â”€â”€â”€â”€â”€â”€â”€â”€â”€â”€â”€â”€â”€â”€â”€â”€â”€â”€â”€â”€â”€â”€â”€â”€â”€â”€â”€â”€â”€â”€â”€â”€â”€â”€â”€â”€â”€â”€â”€â”€â”€â”€â”€â”€â”€â”€â”€â”€â”€â”€â”€â”€â”€â”€â”€â”€â”€â”€â”€â”€â”€â”€â”€â”€â”€â”€â”€â”€â”€â”€â”€â”€â”€â”€â”€â”€

    Error Context: ../../test-results/test_frontend_performance--52041-ge-Load-Performance-Metrics-chromium/error-context.md
]]>
</failure>
<system-out>
<![CDATA[ðŸ”´ RED PHASE: Page load performance metrics test
Expected failure: Frontend performance not optimized
Error: page.evaluate: TypeError: this.getMetrics is not a function
    at eval (eval at evaluate (:291:30), <anonymous>:5:16)
    at new Promise (<anonymous>)
    at eval (eval at evaluate (:291:30), <anonymous>:2:14)
    at UtilityScript.evaluate (<anonymous>:293:16)
    at UtilityScript.<anonymous> (<anonymous>:1:44)

[[ATTACHMENT|test_frontend_performance--52041-ge-Load-Performance-Metrics-chromium/test-failed-1.png]]

[[ATTACHMENT|test_frontend_performance--52041-ge-Load-Performance-Metrics-chromium/video.webm]]

[[ATTACHMENT|test_frontend_performance--52041-ge-Load-Performance-Metrics-chromium/error-context.md]]
]]>
</system-out>
</testcase>
<testcase name="T085: Frontend Performance Testing â€º 2. Large Data Rendering Performance" classname="test_frontend_performance.spec.ts" time="14.689">
<failure message="test_frontend_performance.spec.ts:206:7 2. Large Data Rendering Performance" type="FAILURE">
<![CDATA[  [chromium] â€º test_frontend_performance.spec.ts:206:7 â€º T085: Frontend Performance Testing â€º 2. Large Data Rendering Performance 

    Error: Large data rendering test failed: page.waitForSelector: Timeout 10000ms exceeded.
    Call log:
      - waiting for locator('.job-card') to be visible


      286 |       console.log('Expected failure: Large data rendering not optimized');
      287 |       console.log(`Error: ${error.message}`);
    > 288 |       throw new Error(`Large data rendering test failed: ${error.message}`);
          |             ^
      289 |     }
      290 |   });
      291 |
        at /Users/furuyanaoki/Project/new.mail.score/frontend/tests/e2e/test_frontend_performance.spec.ts:288:13

    attachment #1: screenshot (image/png) â”€â”€â”€â”€â”€â”€â”€â”€â”€â”€â”€â”€â”€â”€â”€â”€â”€â”€â”€â”€â”€â”€â”€â”€â”€â”€â”€â”€â”€â”€â”€â”€â”€â”€â”€â”€â”€â”€â”€â”€â”€â”€â”€â”€â”€â”€â”€â”€â”€â”€â”€â”€â”€â”€â”€â”€â”€â”€
    ../../test-results/test_frontend_performance--549dd--Data-Rendering-Performance-chromium/test-failed-1.png
    â”€â”€â”€â”€â”€â”€â”€â”€â”€â”€â”€â”€â”€â”€â”€â”€â”€â”€â”€â”€â”€â”€â”€â”€â”€â”€â”€â”€â”€â”€â”€â”€â”€â”€â”€â”€â”€â”€â”€â”€â”€â”€â”€â”€â”€â”€â”€â”€â”€â”€â”€â”€â”€â”€â”€â”€â”€â”€â”€â”€â”€â”€â”€â”€â”€â”€â”€â”€â”€â”€â”€â”€â”€â”€â”€â”€â”€â”€â”€â”€â”€â”€â”€â”€â”€â”€â”€â”€â”€â”€â”€â”€â”€â”€â”€â”€

    attachment #2: video (video/webm) â”€â”€â”€â”€â”€â”€â”€â”€â”€â”€â”€â”€â”€â”€â”€â”€â”€â”€â”€â”€â”€â”€â”€â”€â”€â”€â”€â”€â”€â”€â”€â”€â”€â”€â”€â”€â”€â”€â”€â”€â”€â”€â”€â”€â”€â”€â”€â”€â”€â”€â”€â”€â”€â”€â”€â”€â”€â”€â”€â”€â”€â”€
    ../../test-results/test_frontend_performance--549dd--Data-Rendering-Performance-chromium/video.webm
    â”€â”€â”€â”€â”€â”€â”€â”€â”€â”€â”€â”€â”€â”€â”€â”€â”€â”€â”€â”€â”€â”€â”€â”€â”€â”€â”€â”€â”€â”€â”€â”€â”€â”€â”€â”€â”€â”€â”€â”€â”€â”€â”€â”€â”€â”€â”€â”€â”€â”€â”€â”€â”€â”€â”€â”€â”€â”€â”€â”€â”€â”€â”€â”€â”€â”€â”€â”€â”€â”€â”€â”€â”€â”€â”€â”€â”€â”€â”€â”€â”€â”€â”€â”€â”€â”€â”€â”€â”€â”€â”€â”€â”€â”€â”€â”€

    Error Context: ../../test-results/test_frontend_performance--549dd--Data-Rendering-Performance-chromium/error-context.md
]]>
</failure>
<system-out>
<![CDATA[ðŸ”´ RED PHASE: Large data rendering performance test
Expected failure: Large data rendering not optimized
Error: page.waitForSelector: Timeout 10000ms exceeded.
Call log:
[2m  - waiting for locator('.job-card') to be visible[22m


[[ATTACHMENT|test_frontend_performance--549dd--Data-Rendering-Performance-chromium/test-failed-1.png]]

[[ATTACHMENT|test_frontend_performance--549dd--Data-Rendering-Performance-chromium/video.webm]]

[[ATTACHMENT|test_frontend_performance--549dd--Data-Rendering-Performance-chromium/error-context.md]]
]]>
</system-out>
</testcase>
<testcase name="T085: Frontend Performance Testing â€º 3. Network Performance Under Slow Conditions" classname="test_frontend_performance.spec.ts" time="3.068">
<failure message="test_frontend_performance.spec.ts:292:7 3. Network Performance Under Slow Conditions" type="FAILURE">
<![CDATA[  [chromium] â€º test_frontend_performance.spec.ts:292:7 â€º T085: Frontend Performance Testing â€º 3. Network Performance Under Slow Conditions 

    Error: Network performance test failed: expect(received).toBe(expected) // Object.is equality

    Expected: true
    Received: false

      342 |       console.log('Expected failure: Network performance not optimized for slow conditions');
      343 |       console.log(`Error: ${error.message}`);
    > 344 |       throw new Error(`Network performance test failed: ${error.message}`);
          |             ^
      345 |     }
      346 |   });
      347 |
        at /Users/furuyanaoki/Project/new.mail.score/frontend/tests/e2e/test_frontend_performance.spec.ts:344:13

    attachment #1: screenshot (image/png) â”€â”€â”€â”€â”€â”€â”€â”€â”€â”€â”€â”€â”€â”€â”€â”€â”€â”€â”€â”€â”€â”€â”€â”€â”€â”€â”€â”€â”€â”€â”€â”€â”€â”€â”€â”€â”€â”€â”€â”€â”€â”€â”€â”€â”€â”€â”€â”€â”€â”€â”€â”€â”€â”€â”€â”€â”€â”€
    ../../test-results/test_frontend_performance--c8e22-mance-Under-Slow-Conditions-chromium/test-failed-1.png
    â”€â”€â”€â”€â”€â”€â”€â”€â”€â”€â”€â”€â”€â”€â”€â”€â”€â”€â”€â”€â”€â”€â”€â”€â”€â”€â”€â”€â”€â”€â”€â”€â”€â”€â”€â”€â”€â”€â”€â”€â”€â”€â”€â”€â”€â”€â”€â”€â”€â”€â”€â”€â”€â”€â”€â”€â”€â”€â”€â”€â”€â”€â”€â”€â”€â”€â”€â”€â”€â”€â”€â”€â”€â”€â”€â”€â”€â”€â”€â”€â”€â”€â”€â”€â”€â”€â”€â”€â”€â”€â”€â”€â”€â”€â”€â”€

    attachment #2: video (video/webm) â”€â”€â”€â”€â”€â”€â”€â”€â”€â”€â”€â”€â”€â”€â”€â”€â”€â”€â”€â”€â”€â”€â”€â”€â”€â”€â”€â”€â”€â”€â”€â”€â”€â”€â”€â”€â”€â”€â”€â”€â”€â”€â”€â”€â”€â”€â”€â”€â”€â”€â”€â”€â”€â”€â”€â”€â”€â”€â”€â”€â”€â”€
    ../../test-results/test_frontend_performance--c8e22-mance-Under-Slow-Conditions-chromium/video.webm
    â”€â”€â”€â”€â”€â”€â”€â”€â”€â”€â”€â”€â”€â”€â”€â”€â”€â”€â”€â”€â”€â”€â”€â”€â”€â”€â”€â”€â”€â”€â”€â”€â”€â”€â”€â”€â”€â”€â”€â”€â”€â”€â”€â”€â”€â”€â”€â”€â”€â”€â”€â”€â”€â”€â”€â”€â”€â”€â”€â”€â”€â”€â”€â”€â”€â”€â”€â”€â”€â”€â”€â”€â”€â”€â”€â”€â”€â”€â”€â”€â”€â”€â”€â”€â”€â”€â”€â”€â”€â”€â”€â”€â”€â”€â”€â”€

    Error Context: ../../test-results/test_frontend_performance--c8e22-mance-Under-Slow-Conditions-chromium/error-context.md
]]>
</failure>
<system-out>
<![CDATA[ðŸ”´ RED PHASE: Network performance under slow conditions test
Loading state visible: false
Initial content loaded in 2438ms under slow network
Expected failure: Network performance not optimized for slow conditions
Error: [2mexpect([22m[31mreceived[39m[2m).[22mtoBe[2m([22m[32mexpected[39m[2m) // Object.is equality[22m

Expected: [32mtrue[39m
Received: [31mfalse[39m

[[ATTACHMENT|test_frontend_performance--c8e22-mance-Under-Slow-Conditions-chromium/test-failed-1.png]]

[[ATTACHMENT|test_frontend_performance--c8e22-mance-Under-Slow-Conditions-chromium/video.webm]]

[[ATTACHMENT|test_frontend_performance--c8e22-mance-Under-Slow-Conditions-chromium/error-context.md]]
]]>
</system-out>
</testcase>
<testcase name="T085: Frontend Performance Testing â€º 4. Concurrent User Simulation" classname="test_frontend_performance.spec.ts" time="5.895">
<system-out>
<![CDATA[ðŸ”´ RED PHASE: Concurrent user simulation test
Simulating 20 concurrent users...
Concurrent user test results:
- Success rate: 100.0% (20/20)
- Average load time: 4031.25ms
- Load time range: 2860ms - 5295ms
]]>
</system-out>
</testcase>
<testcase name="T085: Frontend Performance Testing â€º 5. Memory Leak Detection" classname="test_frontend_performance.spec.ts" time="26.148">
<system-out>
<![CDATA[ðŸ”´ RED PHASE: Memory leak detection test
Initial memory usage: 68.86MB
Final memory usage: 68.86MB
Memory increase: 0.00MB (0.0%)
DOM node count: 328
]]>
</system-out>
</testcase>
</testsuite>
</testsuites>